#
# There is insufficient memory for the Java Runtime Environment to continue.
# Native memory allocation (malloc) failed to allocate 32744 bytes for ChunkPool::allocate
# Possible reasons:
#   The system is out of physical RAM or swap space
#   The process is running with CompressedOops enabled, and the Java Heap may be blocking the growth of the native heap
# Possible solutions:
#   Reduce memory load on the system
#   Increase physical memory or swap space
#   Check if swap backing store is full
#   Decrease Java heap size (-Xmx/-Xms)
#   Decrease number of Java threads
#   Decrease Java thread stack sizes (-Xss)
#   Set larger code cache with -XX:ReservedCodeCacheSize=
#   JVM is running with Unscaled Compressed Oops mode in which the Java heap is
#     placed in the first 4GB address space. The Java Heap base address is the
#     maximum limit for the native heap growth. Please use -XX:HeapBaseMinAddress
#     to set the Java Heap base and to place the Java Heap above 4GB virtual address.
# This output file may be truncated or incomplete.
#
#  Out of Memory Error (arena.cpp:78), pid=13556, tid=2880
#
# JRE version: OpenJDK Runtime Environment Temurin-17.0.8.1+1 (17.0.8.1+1) (build 17.0.8.1+1)
# Java VM: OpenJDK 64-Bit Server VM Temurin-17.0.8.1+1 (17.0.8.1+1, mixed mode, tiered, compressed oops, compressed class ptrs, parallel gc, windows-amd64)
# No core dump will be written. Minidumps are not enabled by default on client versions of Windows
#

---------------  S U M M A R Y ------------

Command Line: --add-modules=ALL-SYSTEM --add-opens=java.base/java.util=ALL-UNNAMED --add-opens=java.base/java.lang=ALL-UNNAMED --add-opens=java.base/sun.nio.fs=ALL-UNNAMED -Declipse.application=org.eclipse.jdt.ls.core.id1 -Dosgi.bundles.defaultStartLevel=4 -Declipse.product=org.eclipse.jdt.ls.core.product -Djava.import.generatesMetadataFilesAtProjectRoot=false -DDetectVMInstallationsJob.disabled=true -Dfile.encoding=utf8 -XX:+UseParallelGC -XX:GCTimeRatio=4 -XX:AdaptiveSizePolicyWeight=90 -Dsun.zip.disableMemoryMapping=true -Xmx1G -Xms100m -Xlog:disable -javaagent:c:\Users\ninad\.vscode\extensions\redhat.java-1.23.0-win32-x64\lombok\lombok-1.18.30.jar c:\Users\ninad\.vscode\extensions\redhat.java-1.23.0-win32-x64\server\plugins\org.eclipse.equinox.launcher_1.6.500.v20230717-2134.jar -configuration c:\Users\ninad\AppData\Roaming\Code\User\globalStorage\redhat.java\1.23.0\config_ss_win -data c:\Users\ninad\AppData\Roaming\Code\User\workspaceStorage\e245031189f1ad182f41c15a863b8b2f\redhat.java\ss_ws

Host: Intel(R) Core(TM) i5-8250U CPU @ 1.60GHz, 8 cores, 7G,  Windows 10 , 64 bit Build 19041 (10.0.19041.3570)
Time: Fri Oct 20 12:14:11 2023 ora legale Europa occidentale elapsed time: 1.122663 seconds (0d 0h 0m 1s)

---------------  T H R E A D  ---------------

Current thread (0x0000020598e3d440):  JavaThread "C2 CompilerThread0" daemon [_thread_in_native, id=2880, stack(0x000000298ff00000,0x0000002990000000)]


Current CompileTask:
C2:   1122  397       4       java.lang.StringCoding::hasNegatives (25 bytes)

Stack: [0x000000298ff00000,0x0000002990000000]
Native frames: (J=compiled Java code, j=interpreted, Vv=VM code, C=native code)
V  [jvm.dll+0x678b0a]
V  [jvm.dll+0x835e84]
V  [jvm.dll+0x83762e]
V  [jvm.dll+0x837c93]
V  [jvm.dll+0x24746f]
V  [jvm.dll+0xac42c]
V  [jvm.dll+0xac7dc]
V  [jvm.dll+0x365c52]
V  [jvm.dll+0x3301a1]
V  [jvm.dll+0x32f64a]
V  [jvm.dll+0x219bf1]
V  [jvm.dll+0x219011]
V  [jvm.dll+0x1a534d]
V  [jvm.dll+0x228d8a]
V  [jvm.dll+0x226dcc]
V  [jvm.dll+0x7ec09b]
V  [jvm.dll+0x7e64ca]
V  [jvm.dll+0x677955]
C  [ucrtbase.dll+0x21bb2]
C  [KERNEL32.DLL+0x17344]
C  [ntdll.dll+0x526b1]


---------------  P R O C E S S  ---------------

Threads class SMR info:
_java_thread_list=0x000002059912a210, length=12, elements={
0x00000205fecaca80, 0x00000205fef63460, 0x00000205fef64d00, 0x00000205fef671a0,
0x0000020598e36180, 0x0000020598e376b0, 0x0000020598e39280, 0x0000020598e3d440,
0x0000020598e9b8a0, 0x0000020598e9c6c0, 0x0000020598f870d0, 0x0000020599128d60
}

Java Threads: ( => current thread )
  0x00000205fecaca80 JavaThread "main" [_thread_in_vm, id=24760, stack(0x000000298f600000,0x000000298f700000)]
  0x00000205fef63460 JavaThread "Reference Handler" daemon [_thread_blocked, id=21424, stack(0x000000298f900000,0x000000298fa00000)]
  0x00000205fef64d00 JavaThread "Finalizer" daemon [_thread_blocked, id=24928, stack(0x000000298fa00000,0x000000298fb00000)]
  0x00000205fef671a0 JavaThread "Signal Dispatcher" daemon [_thread_blocked, id=16168, stack(0x000000298fb00000,0x000000298fc00000)]
  0x0000020598e36180 JavaThread "Attach Listener" daemon [_thread_blocked, id=7420, stack(0x000000298fc00000,0x000000298fd00000)]
  0x0000020598e376b0 JavaThread "Service Thread" daemon [_thread_blocked, id=8852, stack(0x000000298fd00000,0x000000298fe00000)]
  0x0000020598e39280 JavaThread "Monitor Deflation Thread" daemon [_thread_blocked, id=7368, stack(0x000000298fe00000,0x000000298ff00000)]
=>0x0000020598e3d440 JavaThread "C2 CompilerThread0" daemon [_thread_in_native, id=2880, stack(0x000000298ff00000,0x0000002990000000)]
  0x0000020598e9b8a0 JavaThread "C1 CompilerThread0" daemon [_thread_in_native, id=24596, stack(0x0000002990000000,0x0000002990100000)]
  0x0000020598e9c6c0 JavaThread "Sweeper thread" daemon [_thread_blocked, id=13932, stack(0x0000002990100000,0x0000002990200000)]
  0x0000020598f870d0 JavaThread "Common-Cleaner" daemon [_thread_blocked, id=27456, stack(0x0000002990200000,0x0000002990300000)]
  0x0000020599128d60 JavaThread "Notification Thread" daemon [_thread_blocked, id=25328, stack(0x0000002990300000,0x0000002990400000)]

Other Threads:
  0x00000205fed6e7e0 VMThread "VM Thread" [stack: 0x000000298f800000,0x000000298f900000] [id=27164]
  0x00000205991d7ab0 WatcherThread [stack: 0x0000002990400000,0x0000002990500000] [id=12420]
  0x00000205fecc2ba0 GCTaskThread "GC Thread#0" [stack: 0x000000298f700000,0x000000298f800000] [id=516]

Threads with active compile tasks:
C2 CompilerThread0     1190  397       4       java.lang.StringCoding::hasNegatives (25 bytes)
C1 CompilerThread0     1190  396   !   3       java.io.WinNTFileSystem::resolve (362 bytes)

VM state: not at safepoint (normal execution)

VM Mutex/Monitor currently owned by a thread: None

Heap address: 0x00000000c0000000, size: 1024 MB, Compressed Oops mode: 32-bit

CDS archive(s) not mapped
Compressed class space mapped at: 0x0000000100000000-0x0000000140000000, reserved size: 1073741824
Narrow klass base: 0x0000000000000000, Narrow klass shift: 3, Narrow klass range: 0x140000000

GC Precious Log:
 CPUs: 8 total, 8 available
 Memory: 8066M
 Large Page Support: Disabled
 NUMA Support: Disabled
 Compressed Oops: Enabled (32-bit)
 Alignments: Space 512K, Generation 512K, Heap 2M
 Heap Min Capacity: 100M
 Heap Initial Capacity: 100M
 Heap Max Capacity: 1G
 Pre-touch: Disabled
 Parallel Workers: 8

Heap:
 PSYoungGen      total 29696K, used 8390K [0x00000000eab00000, 0x00000000ecc00000, 0x0000000100000000)
  eden space 25600K, 32% used [0x00000000eab00000,0x00000000eb331a18,0x00000000ec400000)
  from space 4096K, 0% used [0x00000000ec800000,0x00000000ec800000,0x00000000ecc00000)
  to   space 4096K, 0% used [0x00000000ec400000,0x00000000ec400000,0x00000000ec800000)
 ParOldGen       total 68608K, used 0K [0x00000000c0000000, 0x00000000c4300000, 0x00000000eab00000)
  object space 68608K, 0% used [0x00000000c0000000,0x00000000c0000000,0x00000000c4300000)
 Metaspace       used 6445K, committed 6592K, reserved 1114112K
  class space    used 629K, committed 704K, reserved 1048576K

Card table byte_map: [0x00000205fe650000,0x00000205fe860000] _byte_map_base: 0x00000205fe050000

Marking Bits: (ParMarkBitMap*) 0x00007ffa86b183a0
 Begin Bits: [0x0000020591bc0000, 0x0000020592bc0000)
 End Bits:   [0x0000020592bc0000, 0x0000020593bc0000)

Polling page: 0x00000205fcc50000

Metaspace:

Usage:
  Non-class:      5.68 MB used.
      Class:    629.73 KB used.
       Both:      6.29 MB used.

Virtual space:
  Non-class space:       64.00 MB reserved,       5.75 MB (  9%) committed,  1 nodes.
      Class space:        1.00 GB reserved,     704.00 KB ( <1%) committed,  1 nodes.
             Both:        1.06 GB reserved,       6.44 MB ( <1%) committed. 

Chunk freelists:
   Non-Class:  10.23 MB
       Class:  15.21 MB
        Both:  25.45 MB

MaxMetaspaceSize: unlimited
CompressedClassSpaceSize: 1.00 GB
Initial GC threshold: 21.00 MB
Current GC threshold: 21.00 MB
CDS: off
MetaspaceReclaimPolicy: balanced
 - commit_granule_bytes: 65536.
 - commit_granule_words: 8192.
 - virtual_space_node_default_size: 8388608.
 - enlarge_chunks_in_place: 1.
 - new_chunks_are_fully_committed: 0.
 - uncommit_free_chunks: 1.
 - use_allocation_guard: 0.
 - handle_deallocations: 1.


Internal statistics:

num_allocs_failed_limit: 0.
num_arena_births: 10.
num_arena_deaths: 0.
num_vsnodes_births: 2.
num_vsnodes_deaths: 0.
num_space_committed: 104.
num_space_uncommitted: 0.
num_chunks_returned_to_freelist: 0.
num_chunks_taken_from_freelist: 35.
num_chunk_merges: 0.
num_chunk_splits: 22.
num_chunks_enlarged: 21.
num_inconsistent_stats: 0.

CodeHeap 'non-profiled nmethods': size=120000Kb used=118Kb max_used=118Kb free=119881Kb
 bounds [0x000002058a690000, 0x000002058a900000, 0x0000020591bc0000]
CodeHeap 'profiled nmethods': size=120000Kb used=494Kb max_used=494Kb free=119505Kb
 bounds [0x0000020582bc0000, 0x0000020582e30000, 0x000002058a0f0000]
CodeHeap 'non-nmethods': size=5760Kb used=1100Kb max_used=1110Kb free=4659Kb
 bounds [0x000002058a0f0000, 0x000002058a360000, 0x000002058a690000]
 total_blobs=774 nmethods=394 adapters=295
 compilation: enabled
              stopped_count=0, restarted_count=0
 full_count=0

Compilation events (20 events):
Event: 1.062 Thread 0x0000020598e9b8a0  386       3       java.util.zip.ZipFile$Source::getEntryHash (7 bytes)
Event: 1.062 Thread 0x0000020598e9b8a0 nmethod 386 0x0000020582c37410 code [0x0000020582c375a0, 0x0000020582c376d8]
Event: 1.102 Thread 0x0000020598e9b8a0  387       3       java.io.WinNTFileSystem::prefixLength (91 bytes)
Event: 1.104 Thread 0x0000020598e9b8a0 nmethod 387 0x0000020582c37790 code [0x0000020582c37aa0, 0x0000020582c38e18]
Event: 1.106 Thread 0x0000020598e9b8a0  388   !   3       jdk.internal.loader.BuiltinClassLoader$2::run (114 bytes)
Event: 1.108 Thread 0x0000020598e9b8a0 nmethod 388 0x0000020582c39510 code [0x0000020582c397a0, 0x0000020582c3a518]
Event: 1.108 Thread 0x0000020598e9b8a0  389       1       java.util.Collections$EmptyList::isEmpty (2 bytes)
Event: 1.108 Thread 0x0000020598e9b8a0 nmethod 389 0x000002058a6ac910 code [0x000002058a6acaa0, 0x000002058a6acb78]
Event: 1.108 Thread 0x0000020598e9b8a0  390       1       java.net.URL::getAuthority (5 bytes)
Event: 1.108 Thread 0x0000020598e9b8a0 nmethod 390 0x000002058a6acc10 code [0x000002058a6acda0, 0x000002058a6ace78]
Event: 1.108 Thread 0x0000020598e9b8a0  391       1       java.net.URL::getPath (5 bytes)
Event: 1.109 Thread 0x0000020598e9b8a0 nmethod 391 0x000002058a6acf10 code [0x000002058a6ad0a0, 0x000002058a6ad178]
Event: 1.109 Thread 0x0000020598e9b8a0  392       1       java.net.URL::getQuery (5 bytes)
Event: 1.109 Thread 0x0000020598e9b8a0 nmethod 392 0x000002058a6ad210 code [0x000002058a6ad3a0, 0x000002058a6ad478]
Event: 1.111 Thread 0x0000020598e9b8a0  393       3       java.lang.ClassLoader::getResource (41 bytes)
Event: 1.112 Thread 0x0000020598e9b8a0 nmethod 393 0x0000020582c3aa90 code [0x0000020582c3ac80, 0x0000020582c3b278]
Event: 1.112 Thread 0x0000020598e9b8a0  394       3       java.io.FileSystem::hasBooleanAttributes (17 bytes)
Event: 1.112 Thread 0x0000020598e9b8a0 nmethod 394 0x0000020582c3b490 code [0x0000020582c3b640, 0x0000020582c3b7e8]
Event: 1.114 Thread 0x0000020598e9b8a0  396   !   3       java.io.WinNTFileSystem::resolve (362 bytes)
Event: 1.114 Thread 0x0000020598e3d440  397       4       java.lang.StringCoding::hasNegatives (25 bytes)

GC Heap History (0 events):
No events

Dll operation events (8 events):
Event: 0.023 Loaded shared library c:\Users\ninad\.vscode\extensions\redhat.java-1.23.0-win32-x64\jre\17.0.8.1-win32-x86_64\bin\java.dll
Event: 0.515 Loaded shared library c:\Users\ninad\.vscode\extensions\redhat.java-1.23.0-win32-x64\jre\17.0.8.1-win32-x86_64\bin\zip.dll
Event: 0.523 Loaded shared library C:\Users\ninad\.vscode\extensions\redhat.java-1.23.0-win32-x64\jre\17.0.8.1-win32-x86_64\bin\instrument.dll
Event: 0.556 Loaded shared library C:\Users\ninad\.vscode\extensions\redhat.java-1.23.0-win32-x64\jre\17.0.8.1-win32-x86_64\bin\net.dll
Event: 0.565 Loaded shared library C:\Users\ninad\.vscode\extensions\redhat.java-1.23.0-win32-x64\jre\17.0.8.1-win32-x86_64\bin\nio.dll
Event: 0.589 Loaded shared library C:\Users\ninad\.vscode\extensions\redhat.java-1.23.0-win32-x64\jre\17.0.8.1-win32-x86_64\bin\zip.dll
Event: 0.651 Loaded shared library C:\Users\ninad\.vscode\extensions\redhat.java-1.23.0-win32-x64\jre\17.0.8.1-win32-x86_64\bin\jimage.dll
Event: 0.857 Loaded shared library c:\Users\ninad\.vscode\extensions\redhat.java-1.23.0-win32-x64\jre\17.0.8.1-win32-x86_64\bin\verify.dll

Deoptimization events (6 events):
Event: 0.854 Thread 0x00000205fecaca80 Uncommon trap: trap_request=0xffffff45 fr.pc=0x000002058a6a6b04 relative=0x0000000000000544
Event: 0.854 Thread 0x00000205fecaca80 Uncommon trap: reason=unstable_if action=reinterpret pc=0x000002058a6a6b04 method=java.lang.String.<init>([CIILjava/lang/Void;)V @ 5 c2
Event: 0.855 Thread 0x00000205fecaca80 DEOPT PACKING pc=0x000002058a6a6b04 sp=0x000000298f6fc9d0
Event: 0.855 Thread 0x00000205fecaca80 DEOPT UNPACKING pc=0x000002058a1466a3 sp=0x000000298f6fc860 mode 2
Event: 1.056 Thread 0x00000205fecaca80 DEOPT PACKING pc=0x0000020582c0bda2 sp=0x000000298f6f8b60
Event: 1.056 Thread 0x00000205fecaca80 DEOPT UNPACKING pc=0x000002058a146e43 sp=0x000000298f6f7fc0 mode 0

Classes unloaded (0 events):
No events

Classes redefined (0 events):
No events

Internal exceptions (2 events):
Event: 0.436 Thread 0x00000205fecaca80 Exception <a 'java/lang/NoSuchMethodError'{0x00000000eacb2880}: 'void java.lang.invoke.DirectMethodHandle$Holder.invokeStatic(java.lang.Object, java.lang.Object, java.lang.Object)'> (0x00000000eacb2880) 
thrown [s\src\hotspot\share\interpreter\linkResolver.cpp, line 759]
Event: 0.936 Thread 0x00000205fecaca80 Exception <a 'java/lang/reflect/InvocationTargetException'{0x00000000eafe2db8}> (0x00000000eafe2db8) 
thrown [s\src\hotspot\share\runtime\reflection.cpp, line 1121]

VM Operations (2 events):
Event: 0.460 Executing VM operation: HandshakeAllThreads
Event: 0.460 Executing VM operation: HandshakeAllThreads done

Events (20 events):
Event: 1.000 loading class java/util/regex/Pattern$Branch
Event: 1.000 loading class java/util/regex/Pattern$Branch done
Event: 1.000 loading class java/util/regex/Pattern$StartS
Event: 1.000 loading class java/util/regex/Pattern$StartS done
Event: 1.001 loading class java/util/regex/Pattern$Curly
Event: 1.001 loading class java/util/regex/Pattern$Curly done
Event: 1.001 loading class java/util/regex/Pattern$Ques
Event: 1.001 loading class java/util/regex/Pattern$Ques done
Event: 1.001 loading class java/util/regex/Pattern$Loop
Event: 1.001 loading class java/util/regex/Pattern$Loop done
Event: 1.001 loading class java/util/regex/Pattern$Prolog
Event: 1.002 loading class java/util/regex/Pattern$Prolog done
Event: 1.002 loading class java/util/regex/Pattern$Dollar
Event: 1.002 loading class java/util/regex/Pattern$Dollar done
Event: 1.002 loading class java/util/regex/Pattern$GroupCurly
Event: 1.003 loading class java/util/regex/Pattern$GroupCurly done
Event: 1.057 loading class java/util/Collections$SingletonSet
Event: 1.057 loading class java/util/Collections$SingletonSet done
Event: 1.057 loading class java/util/Collections$1
Event: 1.057 loading class java/util/Collections$1 done


Dynamic libraries:
0x00007ff62ac50000 - 0x00007ff62ac5e000 	c:\Users\ninad\.vscode\extensions\redhat.java-1.23.0-win32-x64\jre\17.0.8.1-win32-x86_64\bin\java.exe
0x00007ffb194d0000 - 0x00007ffb196c7000 	C:\WINDOWS\SYSTEM32\ntdll.dll
0x00007ffb18620000 - 0x00007ffb186dd000 	C:\WINDOWS\System32\KERNEL32.DLL
0x00007ffb16f80000 - 0x00007ffb17276000 	C:\WINDOWS\System32\KERNELBASE.dll
0x00007ffb16e80000 - 0x00007ffb16f80000 	C:\WINDOWS\System32\ucrtbase.dll
0x00007ffb0b790000 - 0x00007ffb0b7a7000 	c:\Users\ninad\.vscode\extensions\redhat.java-1.23.0-win32-x64\jre\17.0.8.1-win32-x86_64\bin\jli.dll
0x00007ffb17530000 - 0x00007ffb176ce000 	C:\WINDOWS\System32\USER32.dll
0x00007ffb17500000 - 0x00007ffb17522000 	C:\WINDOWS\System32\win32u.dll
0x00007ffb19210000 - 0x00007ffb1923c000 	C:\WINDOWS\System32\GDI32.dll
0x00007ffb16d60000 - 0x00007ffb16e7a000 	C:\WINDOWS\System32\gdi32full.dll
0x00007ffb16be0000 - 0x00007ffb16c7d000 	C:\WINDOWS\System32\msvcp_win.dll
0x00007ffb0c990000 - 0x00007ffb0c9a9000 	c:\Users\ninad\.vscode\extensions\redhat.java-1.23.0-win32-x64\jre\17.0.8.1-win32-x86_64\bin\VCRUNTIME140.dll
0x00007ffaffe00000 - 0x00007ffb0009a000 	C:\WINDOWS\WinSxS\amd64_microsoft.windows.common-controls_6595b64144ccf1df_6.0.19041.3570_none_60bb2a3971f3e41a\COMCTL32.dll
0x00007ffb17ce0000 - 0x00007ffb17d7e000 	C:\WINDOWS\System32\msvcrt.dll
0x00007ffb182b0000 - 0x00007ffb182e0000 	C:\WINDOWS\System32\IMM32.DLL
0x00007ffb13eb0000 - 0x00007ffb13ebc000 	c:\Users\ninad\.vscode\extensions\redhat.java-1.23.0-win32-x64\jre\17.0.8.1-win32-x86_64\bin\vcruntime140_1.dll
0x00007ffad4740000 - 0x00007ffad47d1000 	c:\Users\ninad\.vscode\extensions\redhat.java-1.23.0-win32-x64\jre\17.0.8.1-win32-x86_64\bin\msvcp140.dll
0x00007ffa85f90000 - 0x00007ffa86bdc000 	c:\Users\ninad\.vscode\extensions\redhat.java-1.23.0-win32-x64\jre\17.0.8.1-win32-x86_64\bin\server\jvm.dll
0x00007ffb19160000 - 0x00007ffb1920e000 	C:\WINDOWS\System32\ADVAPI32.dll
0x00007ffb190c0000 - 0x00007ffb1915c000 	C:\WINDOWS\System32\sechost.dll
0x00007ffb182e0000 - 0x00007ffb18406000 	C:\WINDOWS\System32\RPCRT4.dll
0x00007ffb16a10000 - 0x00007ffb16a5b000 	C:\WINDOWS\SYSTEM32\POWRPROF.dll
0x00007ffafd460000 - 0x00007ffafd487000 	C:\WINDOWS\SYSTEM32\WINMM.dll
0x00007ffb0ba60000 - 0x00007ffb0ba6a000 	C:\WINDOWS\SYSTEM32\VERSION.dll
0x00007ffafabb0000 - 0x00007ffafabb9000 	C:\WINDOWS\SYSTEM32\WSOCK32.dll
0x00007ffb18410000 - 0x00007ffb1847b000 	C:\WINDOWS\System32\WS2_32.dll
0x00007ffb16940000 - 0x00007ffb16952000 	C:\WINDOWS\SYSTEM32\UMPDC.dll
0x00007ffb153a0000 - 0x00007ffb153b2000 	C:\WINDOWS\SYSTEM32\kernel.appcore.dll
0x00007ffb03cf0000 - 0x00007ffb03cfa000 	c:\Users\ninad\.vscode\extensions\redhat.java-1.23.0-win32-x64\jre\17.0.8.1-win32-x86_64\bin\jimage.dll
0x00007ffb14890000 - 0x00007ffb14a74000 	C:\WINDOWS\SYSTEM32\DBGHELP.DLL
0x00007ffb0dfe0000 - 0x00007ffb0e014000 	C:\WINDOWS\SYSTEM32\dbgcore.DLL
0x00007ffb16cd0000 - 0x00007ffb16d52000 	C:\WINDOWS\System32\bcryptPrimitives.dll
0x00007ffb03b80000 - 0x00007ffb03b8e000 	c:\Users\ninad\.vscode\extensions\redhat.java-1.23.0-win32-x64\jre\17.0.8.1-win32-x86_64\bin\instrument.dll
0x00007ffb03b50000 - 0x00007ffb03b75000 	c:\Users\ninad\.vscode\extensions\redhat.java-1.23.0-win32-x64\jre\17.0.8.1-win32-x86_64\bin\java.dll
0x00007ffb03b30000 - 0x00007ffb03b48000 	c:\Users\ninad\.vscode\extensions\redhat.java-1.23.0-win32-x64\jre\17.0.8.1-win32-x86_64\bin\zip.dll
0x00007ffb187a0000 - 0x00007ffb18ee4000 	C:\WINDOWS\System32\SHELL32.dll
0x00007ffb14bf0000 - 0x00007ffb1538b000 	C:\WINDOWS\SYSTEM32\windows.storage.dll
0x00007ffb17980000 - 0x00007ffb17cd4000 	C:\WINDOWS\System32\combase.dll
0x00007ffb16580000 - 0x00007ffb165ad000 	C:\WINDOWS\SYSTEM32\Wldp.dll
0x00007ffb178d0000 - 0x00007ffb1797d000 	C:\WINDOWS\System32\SHCORE.dll
0x00007ffb18740000 - 0x00007ffb18795000 	C:\WINDOWS\System32\shlwapi.dll
0x00007ffb16ae0000 - 0x00007ffb16b05000 	C:\WINDOWS\SYSTEM32\profapi.dll
0x00007ffb03b10000 - 0x00007ffb03b29000 	C:\Users\ninad\.vscode\extensions\redhat.java-1.23.0-win32-x64\jre\17.0.8.1-win32-x86_64\bin\net.dll
0x00007ffb0a670000 - 0x00007ffb0a77a000 	C:\WINDOWS\SYSTEM32\WINHTTP.dll
0x00007ffb16280000 - 0x00007ffb162ea000 	C:\WINDOWS\system32\mswsock.dll
0x00007ffb02640000 - 0x00007ffb02655000 	C:\Users\ninad\.vscode\extensions\redhat.java-1.23.0-win32-x64\jre\17.0.8.1-win32-x86_64\bin\nio.dll
0x00007ffb00870000 - 0x00007ffb00880000 	c:\Users\ninad\.vscode\extensions\redhat.java-1.23.0-win32-x64\jre\17.0.8.1-win32-x86_64\bin\verify.dll

dbghelp: loaded successfully - version: 4.0.5 - missing functions: none
symbol engine: initialized successfully - sym options: 0x614 - pdb path: .;c:\Users\ninad\.vscode\extensions\redhat.java-1.23.0-win32-x64\jre\17.0.8.1-win32-x86_64\bin;C:\WINDOWS\SYSTEM32;C:\WINDOWS\WinSxS\amd64_microsoft.windows.common-controls_6595b64144ccf1df_6.0.19041.3570_none_60bb2a3971f3e41a;c:\Users\ninad\.vscode\extensions\redhat.java-1.23.0-win32-x64\jre\17.0.8.1-win32-x86_64\bin\server

VM Arguments:
jvm_args: --add-modules=ALL-SYSTEM --add-opens=java.base/java.util=ALL-UNNAMED --add-opens=java.base/java.lang=ALL-UNNAMED --add-opens=java.base/sun.nio.fs=ALL-UNNAMED -Declipse.application=org.eclipse.jdt.ls.core.id1 -Dosgi.bundles.defaultStartLevel=4 -Declipse.product=org.eclipse.jdt.ls.core.product -Djava.import.generatesMetadataFilesAtProjectRoot=false -DDetectVMInstallationsJob.disabled=true -Dfile.encoding=utf8 -XX:+UseParallelGC -XX:GCTimeRatio=4 -XX:AdaptiveSizePolicyWeight=90 -Dsun.zip.disableMemoryMapping=true -Xmx1G -Xms100m -Xlog:disable -javaagent:c:\Users\ninad\.vscode\extensions\redhat.java-1.23.0-win32-x64\lombok\lombok-1.18.30.jar 
java_command: c:\Users\ninad\.vscode\extensions\redhat.java-1.23.0-win32-x64\server\plugins\org.eclipse.equinox.launcher_1.6.500.v20230717-2134.jar -configuration c:\Users\ninad\AppData\Roaming\Code\User\globalStorage\redhat.java\1.23.0\config_ss_win -data c:\Users\ninad\AppData\Roaming\Code\User\workspaceStorage\e245031189f1ad182f41c15a863b8b2f\redhat.java\ss_ws
java_class_path (initial): c:\Users\ninad\.vscode\extensions\redhat.java-1.23.0-win32-x64\server\plugins\org.eclipse.equinox.launcher_1.6.500.v20230717-2134.jar
Launcher Type: SUN_STANDARD

[Global flags]
    uintx AdaptiveSizePolicyWeight                 = 90                                        {product} {command line}
     intx CICompilerCount                          = 4                                         {product} {ergonomic}
    uintx GCTimeRatio                              = 4                                         {product} {command line}
   size_t InitialHeapSize                          = 104857600                                 {product} {command line}
   size_t MaxHeapSize                              = 1073741824                                {product} {command line}
   size_t MaxNewSize                               = 357564416                                 {product} {ergonomic}
   size_t MinHeapDeltaBytes                        = 524288                                    {product} {ergonomic}
   size_t MinHeapSize                              = 104857600                                 {product} {command line}
   size_t NewSize                                  = 34603008                                  {product} {ergonomic}
    uintx NonNMethodCodeHeapSize                   = 5839372                                {pd product} {ergonomic}
    uintx NonProfiledCodeHeapSize                  = 122909434                              {pd product} {ergonomic}
   size_t OldSize                                  = 70254592                                  {product} {ergonomic}
    uintx ProfiledCodeHeapSize                     = 122909434                              {pd product} {ergonomic}
    uintx ReservedCodeCacheSize                    = 251658240                              {pd product} {ergonomic}
     bool SegmentedCodeCache                       = true                                      {product} {ergonomic}
   size_t SoftMaxHeapSize                          = 1073741824                             {manageable} {ergonomic}
     bool UseCompressedClassPointers               = true                           {product lp64_product} {ergonomic}
     bool UseCompressedOops                        = true                           {product lp64_product} {ergonomic}
     bool UseLargePagesIndividualAllocation        = false                                  {pd product} {ergonomic}
     bool UseParallelGC                            = true                                      {product} {command line}

Logging:
Log output configuration:
 #0: stdout all=off uptime,level,tags
 #1: stderr all=off uptime,level,tags

Environment Variables:
JAVA_HOME=C:\Program Files\Java\jdk-20
PATH=C:\Program Files (x86)\Common Files\Oracle\Java\javapath;C:\Python311\Scripts\;C:\Python311\;C:\Program Files\NVIDIA GPU Computing Toolkit\CUDA\v11.0\bin;C:\Program Files\NVIDIA GPU Computing Toolkit\CUDA\v11.0\libnvvp;C:\Program Files (x86)\Intel\iCLS Client\;C:\Program Files\Intel\iCLS Client\;C:\WINDOWS\system32;C:\WINDOWS;C:\WINDOWS\System32\Wbem;C:\WINDOWS\System32\WindowsPowerShell\v1.0\;C:\Program Files (x86)\Intel\Intel(R) Management Engine Components\DAL;C:\Program Files\Intel\Intel(R) Management Engine Components\DAL;C:\Program Files (x86)\Intel\Intel(R) Management Engine Components\IPT;C:\Program Files\Intel\Intel(R) Management Engine Components\IPT;C:\WINDOWS\System32\OpenSSH\;C:\Program Files\dotnet\;C:\Program Files\Microsoft SQL Server\130\Tools\Binn\;C:\Program Files\Microsoft SQL Server\Client SDK\ODBC\170\Tools\Binn\;C:\Users\ninad\Desktop\ZED SDK\dependencies\freeglut_2.8\x64;C:\Users\ninad\Desktop\ZED SDK\dependencies\glew-1.12.0\x64;C:\Users\ninad\Desktop\ZED SDK\dependencies\opencv_3.1.0\x64;C:\Users\ninad\Desktop\Program Files (x86)\ZED SDK\bin;C:\Program Files\NVIDIA Corporation\Nsight Compute 2020.1.1\;C:\Program Files (x86)\NVIDIA Corporation\PhysX\Common;C:\Program Files\Git\cmd;C:\Program Files\MATLAB\R2021a\bin;C:\Program Files\PuTTY\;C:\Program Files\nodejs\;C:\ProgramData\chocolatey\bin;;C:\Program Files\Docker\Docker\resources\bin;C:\Users\ninad\miniconda3;C:\Users\ninad\miniconda3\Library\mingw-w64\bin;C:\Users\ninad\miniconda3\Library\usr\bin;C:\Users\ninad\miniconda3\Library\bin;C:\Users\ninad\miniconda3\Scripts;C:\Users\ninad\AppData\Local\Microsoft\WindowsApps;C:\Users\ninad\.dotnet\tools;C:\Users\ninad\Desktop\ZED SDK\bin;C:\Program Files (x86)\Microsoft Visual Studio\Shared\Python37_64;C:\Program Files\JetBrains\PyCharm 2021.1.3\bin;;C:\Users\ninad\AppData\Local\Programs\MiKTeX\miktex\bin\x64\;C:\Users\ninad\AppData\Local\Programs\Microsoft VS Code\bin;C:\Users\ninad\AppData\Roaming\npm
USERNAME=ninad
OS=Windows_NT
PROCESSOR_IDENTIFIER=Intel64 Family 6 Model 142 Stepping 10, GenuineIntel
TMP=C:\Users\ninad\AppData\Local\Temp
TEMP=C:\Users\ninad\AppData\Local\Temp



---------------  S Y S T E M  ---------------

OS:
 Windows 10 , 64 bit Build 19041 (10.0.19041.3570)
OS uptime: 6 days 21:21 hours
Hyper-V role detected

CPU: total 8 (initial active 8) (4 cores per cpu, 2 threads per core) family 6 model 142 stepping 10 microcode 0xd6, cx8, cmov, fxsr, ht, mmx, 3dnowpref, sse, sse2, sse3, ssse3, sse4.1, sse4.2, popcnt, lzcnt, tsc, tscinvbit, avx, avx2, aes, erms, clmul, bmi1, bmi2, adx, fma, vzeroupper, clflush, clflushopt, hv
Processor Information for all 8 processors :
  Max Mhz: 1800, Current Mhz: 1600, Mhz Limit: 1584

Memory: 4k page, system-wide physical 8066M (312M free)
TotalPageFile size 13962M (AvailPageFile size 0M)
current process WorkingSet (physical memory assigned to process): 41M, peak: 41M
current process commit charge ("private bytes"): 187M, peak: 187M

vm_info: OpenJDK 64-Bit Server VM (17.0.8.1+1) for windows-amd64 JRE (17.0.8.1+1), built on Aug 23 2023 15:29:17 by "admin" with MS VC++ 16.7 (VS2019)

END.
