#
# There is insufficient memory for the Java Runtime Environment to continue.
# Native memory allocation (mmap) failed to map 65536 bytes for Failed to commit metaspace.
# Possible reasons:
#   The system is out of physical RAM or swap space
#   The process is running with CompressedOops enabled, and the Java Heap may be blocking the growth of the native heap
# Possible solutions:
#   Reduce memory load on the system
#   Increase physical memory or swap space
#   Check if swap backing store is full
#   Decrease Java heap size (-Xmx/-Xms)
#   Decrease number of Java threads
#   Decrease Java thread stack sizes (-Xss)
#   Set larger code cache with -XX:ReservedCodeCacheSize=
#   JVM is running with Unscaled Compressed Oops mode in which the Java heap is
#     placed in the first 4GB address space. The Java Heap base address is the
#     maximum limit for the native heap growth. Please use -XX:HeapBaseMinAddress
#     to set the Java Heap base and to place the Java Heap above 4GB virtual address.
# This output file may be truncated or incomplete.
#
#  Out of Memory Error (virtualSpaceNode.cpp:110), pid=23808, tid=25188
#
# JRE version: OpenJDK Runtime Environment Temurin-17.0.8.1+1 (17.0.8.1+1) (build 17.0.8.1+1)
# Java VM: OpenJDK 64-Bit Server VM Temurin-17.0.8.1+1 (17.0.8.1+1, mixed mode, tiered, compressed oops, compressed class ptrs, parallel gc, windows-amd64)
# No core dump will be written. Minidumps are not enabled by default on client versions of Windows
#

---------------  S U M M A R Y ------------

Command Line: --add-modules=ALL-SYSTEM --add-opens=java.base/java.util=ALL-UNNAMED --add-opens=java.base/java.lang=ALL-UNNAMED --add-opens=java.base/sun.nio.fs=ALL-UNNAMED -Declipse.application=org.eclipse.jdt.ls.core.id1 -Dosgi.bundles.defaultStartLevel=4 -Declipse.product=org.eclipse.jdt.ls.core.product -Djava.import.generatesMetadataFilesAtProjectRoot=false -DDetectVMInstallationsJob.disabled=true -Dfile.encoding=utf8 -XX:+UseParallelGC -XX:GCTimeRatio=4 -XX:AdaptiveSizePolicyWeight=90 -Dsun.zip.disableMemoryMapping=true -Xmx1G -Xms100m -Xlog:disable -javaagent:c:\Users\ninad\.vscode\extensions\redhat.java-1.23.0-win32-x64\lombok\lombok-1.18.30.jar -XX:+HeapDumpOnOutOfMemoryError -XX:HeapDumpPath=c:\Users\ninad\AppData\Roaming\Code\User\workspaceStorage\e245031189f1ad182f41c15a863b8b2f\redhat.java -Daether.dependencyCollector.impl=bf c:\Users\ninad\.vscode\extensions\redhat.java-1.23.0-win32-x64\server\plugins\org.eclipse.equinox.launcher_1.6.500.v20230717-2134.jar -configuration c:\Users\ninad\AppData\Roaming\Code\User\globalStorage\redhat.java\1.23.0\config_win -data c:\Users\ninad\AppData\Roaming\Code\User\workspaceStorage\e245031189f1ad182f41c15a863b8b2f\redhat.java\jdt_ws

Host: Intel(R) Core(TM) i5-8250U CPU @ 1.60GHz, 8 cores, 7G,  Windows 10 , 64 bit Build 19041 (10.0.19041.3570)
Time: Fri Oct 20 12:14:11 2023 ora legale Europa occidentale elapsed time: 1.214812 seconds (0d 0h 0m 1s)

---------------  T H R E A D  ---------------

Current thread (0x000002ac42b1fec0):  JavaThread "main" [_thread_in_vm, id=25188, stack(0x000000cd3e300000,0x000000cd3e400000)]

Stack: [0x000000cd3e300000,0x000000cd3e400000]
Native frames: (J=compiled Java code, j=interpreted, Vv=VM code, C=native code)
V  [jvm.dll+0x678b0a]
V  [jvm.dll+0x835e84]
V  [jvm.dll+0x83762e]
V  [jvm.dll+0x837c93]
V  [jvm.dll+0x24746f]
V  [jvm.dll+0x831f1b]
V  [jvm.dll+0x61d3c6]
V  [jvm.dll+0x61d42a]
V  [jvm.dll+0x61fc5a]
V  [jvm.dll+0x61dd66]
V  [jvm.dll+0x627c47]
V  [jvm.dll+0x1eb90b]
V  [jvm.dll+0x1ebe45]
V  [jvm.dll+0x1ec87f]
V  [jvm.dll+0x1e1d21]
V  [jvm.dll+0x53fba0]
V  [jvm.dll+0x1f2607]
V  [jvm.dll+0x7b06ab]
V  [jvm.dll+0x7b1a52]
V  [jvm.dll+0x7b1d88]
V  [jvm.dll+0x23f76e]
V  [jvm.dll+0x23f9bf]
V  [jvm.dll+0x55d3f8]
V  [jvm.dll+0x5602a7]
V  [jvm.dll+0x385914]
V  [jvm.dll+0x384f7f]
C  0x000002ac4e4b9ca3

Java frames: (J=compiled Java code, j=interpreted, Vv=VM code)
j  java.security.cert.CertificateFactory.getInstance(Ljava/lang/String;)Ljava/security/cert/CertificateFactory;+12 java.base@17.0.8.1
j  sun.security.pkcs.PKCS7.parseSignedData(Lsun/security/util/DerValue;)V+131 java.base@17.0.8.1
j  sun.security.pkcs.PKCS7.parse(Lsun/security/util/DerInputStream;Z)V+40 java.base@17.0.8.1
j  sun.security.pkcs.PKCS7.parse(Lsun/security/util/DerInputStream;)V+11 java.base@17.0.8.1
j  sun.security.pkcs.PKCS7.<init>([B)V+50 java.base@17.0.8.1
j  sun.security.util.SignatureFileVerifier.<init>(Ljava/util/ArrayList;Lsun/security/util/ManifestDigester;Ljava/lang/String;[B)V+40 java.base@17.0.8.1
j  java.util.jar.JarVerifier.processEntry(Lsun/security/util/ManifestEntryVerifier;)V+322 java.base@17.0.8.1
j  java.util.jar.JarVerifier.update(I[BIILsun/security/util/ManifestEntryVerifier;)V+39 java.base@17.0.8.1
j  java.util.jar.JarFile.initializeVerifier()V+163 java.base@17.0.8.1
j  java.util.jar.JarFile.ensureInitialization()V+41 java.base@17.0.8.1
j  java.util.jar.JavaUtilJarAccessImpl.ensureInitialization(Ljava/util/jar/JarFile;)V+1 java.base@17.0.8.1
j  jdk.internal.loader.URLClassPath$JarLoader$2.getManifest()Ljava/util/jar/Manifest;+10 java.base@17.0.8.1
j  jdk.internal.loader.BuiltinClassLoader.defineClass(Ljava/lang/String;Ljdk/internal/loader/Resource;)Ljava/lang/Class;+29 java.base@17.0.8.1
j  jdk.internal.loader.BuiltinClassLoader.findClassOnClassPathOrNull(Ljava/lang/String;)Ljava/lang/Class;+37 java.base@17.0.8.1
j  jdk.internal.loader.BuiltinClassLoader.loadClassOrNull(Ljava/lang/String;Z)Ljava/lang/Class;+111 java.base@17.0.8.1
j  jdk.internal.loader.BuiltinClassLoader.loadClass(Ljava/lang/String;Z)Ljava/lang/Class;+3 java.base@17.0.8.1
j  jdk.internal.loader.ClassLoaders$AppClassLoader.loadClass(Ljava/lang/String;Z)Ljava/lang/Class;+36 java.base@17.0.8.1
j  java.lang.ClassLoader.loadClass(Ljava/lang/String;)Ljava/lang/Class;+3 java.base@17.0.8.1
v  ~StubRoutines::call_stub
j  java.lang.Class.forName0(Ljava/lang/String;ZLjava/lang/ClassLoader;Ljava/lang/Class;)Ljava/lang/Class;+0 java.base@17.0.8.1
j  java.lang.Class.forName(Ljava/lang/String;ZLjava/lang/ClassLoader;)Ljava/lang/Class;+43 java.base@17.0.8.1
j  sun.launcher.LauncherHelper.loadMainClass(ILjava/lang/String;)Ljava/lang/Class;+95 java.base@17.0.8.1
j  sun.launcher.LauncherHelper.checkAndLoadMain(ZILjava/lang/String;)Ljava/lang/Class;+42 java.base@17.0.8.1
v  ~StubRoutines::call_stub

---------------  P R O C E S S  ---------------

Threads class SMR info:
_java_thread_list=0x000002ac5df12d70, length=12, elements={
0x000002ac42b1fec0, 0x000002ac42bd6eb0, 0x000002ac588ea700, 0x000002ac5dc16150,
0x000002ac5dc16ee0, 0x000002ac5dc17c70, 0x000002ac5dc1b560, 0x000002ac5dc1c160,
0x000002ac5dc2e910, 0x000002ac5dc37210, 0x000002ac5dd901d0, 0x000002ac5dd90bf0
}

Java Threads: ( => current thread )
=>0x000002ac42b1fec0 JavaThread "main" [_thread_in_vm, id=25188, stack(0x000000cd3e300000,0x000000cd3e400000)]
  0x000002ac42bd6eb0 JavaThread "Reference Handler" daemon [_thread_blocked, id=11720, stack(0x000000cd3e600000,0x000000cd3e700000)]
  0x000002ac588ea700 JavaThread "Finalizer" daemon [_thread_blocked, id=3952, stack(0x000000cd3e700000,0x000000cd3e800000)]
  0x000002ac5dc16150 JavaThread "Signal Dispatcher" daemon [_thread_blocked, id=4592, stack(0x000000cd3e800000,0x000000cd3e900000)]
  0x000002ac5dc16ee0 JavaThread "Attach Listener" daemon [_thread_blocked, id=25924, stack(0x000000cd3e900000,0x000000cd3ea00000)]
  0x000002ac5dc17c70 JavaThread "Service Thread" daemon [_thread_blocked, id=7512, stack(0x000000cd3ea00000,0x000000cd3eb00000)]
  0x000002ac5dc1b560 JavaThread "Monitor Deflation Thread" daemon [_thread_blocked, id=19008, stack(0x000000cd3eb00000,0x000000cd3ec00000)]
  0x000002ac5dc1c160 JavaThread "C2 CompilerThread0" daemon [_thread_blocked, id=13320, stack(0x000000cd3ec00000,0x000000cd3ed00000)]
  0x000002ac5dc2e910 JavaThread "C1 CompilerThread0" daemon [_thread_in_vm, id=19604, stack(0x000000cd3ed00000,0x000000cd3ee00000)]
  0x000002ac5dc37210 JavaThread "Sweeper thread" daemon [_thread_blocked, id=24120, stack(0x000000cd3ee00000,0x000000cd3ef00000)]
  0x000002ac5dd901d0 JavaThread "Common-Cleaner" daemon [_thread_blocked, id=18072, stack(0x000000cd3ef00000,0x000000cd3f000000)]
  0x000002ac5dd90bf0 JavaThread "Notification Thread" daemon [_thread_blocked, id=19440, stack(0x000000cd3f000000,0x000000cd3f100000)]

Other Threads:
  0x000002ac42bd5970 VMThread "VM Thread" [stack: 0x000000cd3e500000,0x000000cd3e600000] [id=5800]
  0x000002ac5df32810 WatcherThread [stack: 0x000000cd3f100000,0x000000cd3f200000] [id=22820]
  0x000002ac42b34990 GCTaskThread "GC Thread#0" [stack: 0x000000cd3e400000,0x000000cd3e500000] [id=22076]

Threads with active compile tasks:
C1 CompilerThread0     1272  463       3       java.lang.Integer::parseInt (7 bytes)

VM state: not at safepoint (normal execution)

VM Mutex/Monitor currently owned by a thread:  ([mutex/lock_event])
[0x000002ac42b1a4d0] Metaspace_lock - owner thread: 0x000002ac42b1fec0
[0x000002ac42b1a9a0] MethodData_lock - owner thread: 0x000002ac5dc2e910

Heap address: 0x00000000c0000000, size: 1024 MB, Compressed Oops mode: 32-bit

CDS archive(s) not mapped
Compressed class space mapped at: 0x0000000100000000-0x0000000140000000, reserved size: 1073741824
Narrow klass base: 0x0000000000000000, Narrow klass shift: 3, Narrow klass range: 0x140000000

GC Precious Log:
 CPUs: 8 total, 8 available
 Memory: 8066M
 Large Page Support: Disabled
 NUMA Support: Disabled
 Compressed Oops: Enabled (32-bit)
 Alignments: Space 512K, Generation 512K, Heap 2M
 Heap Min Capacity: 100M
 Heap Initial Capacity: 100M
 Heap Max Capacity: 1G
 Pre-touch: Disabled
 Parallel Workers: 8

Heap:
 PSYoungGen      total 29696K, used 9436K [0x00000000eab00000, 0x00000000ecc00000, 0x0000000100000000)
  eden space 25600K, 36% used [0x00000000eab00000,0x00000000eb437030,0x00000000ec400000)
  from space 4096K, 0% used [0x00000000ec800000,0x00000000ec800000,0x00000000ecc00000)
  to   space 4096K, 0% used [0x00000000ec400000,0x00000000ec400000,0x00000000ec800000)
 ParOldGen       total 68608K, used 0K [0x00000000c0000000, 0x00000000c4300000, 0x00000000eab00000)
  object space 68608K, 0% used [0x00000000c0000000,0x00000000c0000000,0x00000000c4300000)
 Metaspace       used 6851K, committed 6912K, reserved 1114112K
  class space    used 665K, committed 704K, reserved 1048576K

Card table byte_map: [0x000002ac56160000,0x000002ac56370000] _byte_map_base: 0x000002ac55b60000

Marking Bits: (ParMarkBitMap*) 0x00007ffa86b183a0
 Begin Bits: [0x000002ac564d0000, 0x000002ac574d0000)
 End Bits:   [0x000002ac574d0000, 0x000002ac584d0000)

Polling page: 0x000002ac42be0000

Metaspace:

Usage:
  Non-class:      6.04 MB used.
      Class:    665.59 KB used.
       Both:      6.69 MB used.

Virtual space:
  Non-class space:       64.00 MB reserved,       6.06 MB (  9%) committed,  1 nodes.
      Class space:        1.00 GB reserved,     704.00 KB ( <1%) committed,  1 nodes.
             Both:        1.06 GB reserved,       6.75 MB ( <1%) committed. 

Chunk freelists:
   Non-Class:  9.00 MB
       Class:  15.21 MB
        Both:  24.21 MB

MaxMetaspaceSize: unlimited
CompressedClassSpaceSize: 1.00 GB
Initial GC threshold: 21.00 MB
Current GC threshold: 21.00 MB
CDS: off
MetaspaceReclaimPolicy: balanced
 - commit_granule_bytes: 65536.
 - commit_granule_words: 8192.
 - virtual_space_node_default_size: 8388608.
 - enlarge_chunks_in_place: 1.
 - new_chunks_are_fully_committed: 0.
 - uncommit_free_chunks: 1.
 - use_allocation_guard: 0.
 - handle_deallocations: 1.


Internal statistics:

num_allocs_failed_limit: 0.
num_arena_births: 10.
num_arena_deaths: 0.
num_vsnodes_births: 2.
num_vsnodes_deaths: 0.
num_space_committed: 108.
num_space_uncommitted: 0.
num_chunks_returned_to_freelist: 0.
num_chunks_taken_from_freelist: 40.
num_chunk_merges: 0.
num_chunk_splits: 23.
num_chunks_enlarged: 21.
num_inconsistent_stats: 0.

CodeHeap 'non-profiled nmethods': size=120000Kb used=148Kb max_used=148Kb free=119851Kb
 bounds [0x000002ac4ea40000, 0x000002ac4ecb0000, 0x000002ac55f70000]
CodeHeap 'profiled nmethods': size=120000Kb used=639Kb max_used=639Kb free=119360Kb
 bounds [0x000002ac46f70000, 0x000002ac471e0000, 0x000002ac4e4a0000]
CodeHeap 'non-nmethods': size=5760Kb used=1104Kb max_used=1120Kb free=4655Kb
 bounds [0x000002ac4e4a0000, 0x000002ac4e710000, 0x000002ac4ea40000]
 total_blobs=846 nmethods=462 adapters=299
 compilation: enabled
              stopped_count=0, restarted_count=0
 full_count=0

Compilation events (20 events):
Event: 1.194 Thread 0x000002ac5dc2e910 nmethod 448 0x000002ac4700ae10 code [0x000002ac4700afa0, 0x000002ac4700b0f8]
Event: 1.194 Thread 0x000002ac5dc2e910  451       3       java.util.HashMap$EntryIterator::next (5 bytes)
Event: 1.194 Thread 0x000002ac5dc2e910 nmethod 451 0x000002ac4700b190 code [0x000002ac4700b340, 0x000002ac4700b4c8]
Event: 1.194 Thread 0x000002ac5dc1c160 nmethod 450 0x000002ac4ea63410 code [0x000002ac4ea635a0, 0x000002ac4ea638b8]
Event: 1.195 Thread 0x000002ac5dc1c160  452       4       java.lang.CharacterDataLatin1::toUpperCaseEx (71 bytes)
Event: 1.195 Thread 0x000002ac5dc2e910  454  s    3       java.util.Properties::put (10 bytes)
Event: 1.195 Thread 0x000002ac5dc2e910 nmethod 454 0x000002ac4700b590 code [0x000002ac4700b740, 0x000002ac4700b9a8]
Event: 1.195 Thread 0x000002ac5dc2e910  456       3       java.lang.ref.Reference::<init> (25 bytes)
Event: 1.196 Thread 0x000002ac5dc2e910 nmethod 456 0x000002ac4700ba90 code [0x000002ac4700bc20, 0x000002ac4700be18]
Event: 1.196 Thread 0x000002ac5dc1c160 nmethod 452 0x000002ac4ea63e10 code [0x000002ac4ea63f80, 0x000002ac4ea64078]
Event: 1.196 Thread 0x000002ac5dc1c160  455       4       java.lang.StringBuilder::append (8 bytes)
Event: 1.204 Thread 0x000002ac5dc2e910  458       3       java.lang.Number::<init> (5 bytes)
Event: 1.204 Thread 0x000002ac5dc2e910 nmethod 458 0x000002ac4700bf10 code [0x000002ac4700c0a0, 0x000002ac4700c1f8]
Event: 1.205 Thread 0x000002ac5dc2e910  459       3       java.lang.Character::digit (6 bytes)
Event: 1.205 Thread 0x000002ac5dc2e910 nmethod 459 0x000002ac4700c290 code [0x000002ac4700c440, 0x000002ac4700c678]
Event: 1.205 Thread 0x000002ac5dc2e910  460       3       java.lang.Character::digit (10 bytes)
Event: 1.205 Thread 0x000002ac5dc2e910 nmethod 460 0x000002ac4700c790 code [0x000002ac4700c940, 0x000002ac4700cb38]
Event: 1.205 Thread 0x000002ac5dc2e910  461       3       java.lang.CharacterDataLatin1::digit (32 bytes)
Event: 1.206 Thread 0x000002ac5dc2e910 nmethod 461 0x000002ac4700cc10 code [0x000002ac4700cdc0, 0x000002ac4700d018]
Event: 1.206 Thread 0x000002ac5dc2e910  462       3       java.lang.Integer::parseInt (264 bytes)

GC Heap History (0 events):
No events

Dll operation events (8 events):
Event: 0.026 Loaded shared library c:\Users\ninad\.vscode\extensions\redhat.java-1.23.0-win32-x64\jre\17.0.8.1-win32-x86_64\bin\java.dll
Event: 0.451 Loaded shared library c:\Users\ninad\.vscode\extensions\redhat.java-1.23.0-win32-x64\jre\17.0.8.1-win32-x86_64\bin\zip.dll
Event: 0.464 Loaded shared library C:\Users\ninad\.vscode\extensions\redhat.java-1.23.0-win32-x64\jre\17.0.8.1-win32-x86_64\bin\instrument.dll
Event: 0.505 Loaded shared library C:\Users\ninad\.vscode\extensions\redhat.java-1.23.0-win32-x64\jre\17.0.8.1-win32-x86_64\bin\net.dll
Event: 0.514 Loaded shared library C:\Users\ninad\.vscode\extensions\redhat.java-1.23.0-win32-x64\jre\17.0.8.1-win32-x86_64\bin\nio.dll
Event: 0.532 Loaded shared library C:\Users\ninad\.vscode\extensions\redhat.java-1.23.0-win32-x64\jre\17.0.8.1-win32-x86_64\bin\zip.dll
Event: 0.582 Loaded shared library C:\Users\ninad\.vscode\extensions\redhat.java-1.23.0-win32-x64\jre\17.0.8.1-win32-x86_64\bin\jimage.dll
Event: 0.821 Loaded shared library c:\Users\ninad\.vscode\extensions\redhat.java-1.23.0-win32-x64\jre\17.0.8.1-win32-x86_64\bin\verify.dll

Deoptimization events (20 events):
Event: 1.125 Thread 0x000002ac42b1fec0 Uncommon trap: trap_request=0xffffff45 fr.pc=0x000002ac4ea465dc relative=0x000000000000005c
Event: 1.125 Thread 0x000002ac42b1fec0 Uncommon trap: reason=unstable_if action=reinterpret pc=0x000002ac4ea465dc method=java.lang.String.isLatin1()Z @ 10 c2
Event: 1.126 Thread 0x000002ac42b1fec0 DEOPT PACKING pc=0x000002ac4ea465dc sp=0x000000cd3e3fe730
Event: 1.126 Thread 0x000002ac42b1fec0 DEOPT UNPACKING pc=0x000002ac4e4f66a3 sp=0x000000cd3e3fe6c0 mode 2
Event: 1.128 Thread 0x000002ac42b1fec0 Uncommon trap: trap_request=0xffffff45 fr.pc=0x000002ac4ea4f0f8 relative=0x0000000000000078
Event: 1.128 Thread 0x000002ac42b1fec0 Uncommon trap: reason=unstable_if action=reinterpret pc=0x000002ac4ea4f0f8 method=java.lang.String.isLatin1()Z @ 10 c2
Event: 1.128 Thread 0x000002ac42b1fec0 DEOPT PACKING pc=0x000002ac4ea4f0f8 sp=0x000000cd3e3ff150
Event: 1.128 Thread 0x000002ac42b1fec0 DEOPT UNPACKING pc=0x000002ac4e4f66a3 sp=0x000000cd3e3ff090 mode 2
Event: 1.130 Thread 0x000002ac42b1fec0 DEOPT PACKING pc=0x000002ac46f8af00 sp=0x000000cd3e3fdb80
Event: 1.130 Thread 0x000002ac42b1fec0 DEOPT UNPACKING pc=0x000002ac4e4f6e43 sp=0x000000cd3e3fd040 mode 0
Event: 1.138 Thread 0x000002ac42b1fec0 DEOPT PACKING pc=0x000002ac46f8af00 sp=0x000000cd3e3fcbe0
Event: 1.138 Thread 0x000002ac42b1fec0 DEOPT UNPACKING pc=0x000002ac4e4f6e43 sp=0x000000cd3e3fc0a0 mode 0
Event: 1.146 Thread 0x000002ac42b1fec0 DEOPT PACKING pc=0x000002ac46f8af00 sp=0x000000cd3e3fa750
Event: 1.146 Thread 0x000002ac42b1fec0 DEOPT UNPACKING pc=0x000002ac4e4f6e43 sp=0x000000cd3e3f9c10 mode 0
Event: 1.148 Thread 0x000002ac42b1fec0 DEOPT PACKING pc=0x000002ac46f8af00 sp=0x000000cd3e3fa750
Event: 1.148 Thread 0x000002ac42b1fec0 DEOPT UNPACKING pc=0x000002ac4e4f6e43 sp=0x000000cd3e3f9c10 mode 0
Event: 1.150 Thread 0x000002ac42b1fec0 DEOPT PACKING pc=0x000002ac46f8af00 sp=0x000000cd3e3fb2b0
Event: 1.150 Thread 0x000002ac42b1fec0 DEOPT UNPACKING pc=0x000002ac4e4f6e43 sp=0x000000cd3e3fa770 mode 0
Event: 1.165 Thread 0x000002ac42b1fec0 DEOPT PACKING pc=0x000002ac46f8af00 sp=0x000000cd3e3fae50
Event: 1.165 Thread 0x000002ac42b1fec0 DEOPT UNPACKING pc=0x000002ac4e4f6e43 sp=0x000000cd3e3fa310 mode 0

Classes unloaded (0 events):
No events

Classes redefined (0 events):
No events

Internal exceptions (2 events):
Event: 0.384 Thread 0x000002ac42b1fec0 Exception <a 'java/lang/NoSuchMethodError'{0x00000000eacb2d78}: 'void java.lang.invoke.DirectMethodHandle$Holder.invokeStatic(java.lang.Object, java.lang.Object, java.lang.Object)'> (0x00000000eacb2d78) 
thrown [s\src\hotspot\share\interpreter\linkResolver.cpp, line 759]
Event: 0.896 Thread 0x000002ac42b1fec0 Exception <a 'java/lang/reflect/InvocationTargetException'{0x00000000eafe2e70}> (0x00000000eafe2e70) 
thrown [s\src\hotspot\share\runtime\reflection.cpp, line 1121]

VM Operations (4 events):
Event: 0.398 Executing VM operation: HandshakeAllThreads
Event: 0.398 Executing VM operation: HandshakeAllThreads done
Event: 0.632 Executing VM operation: HandshakeAllThreads
Event: 0.632 Executing VM operation: HandshakeAllThreads done

Events (20 events):
Event: 1.198 loading class sun/security/util/ObjectIdentifier done
Event: 1.199 loading class sun/security/util/DerValue
Event: 1.200 loading class sun/security/util/DerValue done
Event: 1.200 loading class sun/security/util/DerOutputStream
Event: 1.200 loading class sun/security/util/DerEncoder
Event: 1.200 loading class sun/security/util/DerEncoder done
Event: 1.200 loading class sun/security/util/DerOutputStream done
Event: 1.201 loading class sun/security/util/ByteArrayLexOrder
Event: 1.201 loading class sun/security/util/ByteArrayLexOrder done
Event: 1.201 loading class sun/security/util/ByteArrayTagOrder
Event: 1.201 loading class sun/security/util/ByteArrayTagOrder done
Event: 1.201 loading class java/math/BigInteger
Event: 1.203 loading class java/math/BigInteger done
Event: 1.204 loading class sun/security/x509/AlgorithmId
Event: 1.204 loading class sun/security/x509/AlgorithmId done
Event: 1.206 loading class java/security/cert/CertificateFactory
Event: 1.207 loading class java/security/cert/CertificateFactory done
Event: 1.207 loading class java/security/cert/CertificateFactorySpi
Event: 1.207 loading class java/security/cert/CertificateFactorySpi done
Event: 1.208 loading class sun/security/jca/GetInstance


Dynamic libraries:
0x00007ff62ac50000 - 0x00007ff62ac5e000 	c:\Users\ninad\.vscode\extensions\redhat.java-1.23.0-win32-x64\jre\17.0.8.1-win32-x86_64\bin\java.exe
0x00007ffb194d0000 - 0x00007ffb196c7000 	C:\WINDOWS\SYSTEM32\ntdll.dll
0x00007ffb18620000 - 0x00007ffb186dd000 	C:\WINDOWS\System32\KERNEL32.DLL
0x00007ffb16f80000 - 0x00007ffb17276000 	C:\WINDOWS\System32\KERNELBASE.dll
0x00007ffb16e80000 - 0x00007ffb16f80000 	C:\WINDOWS\System32\ucrtbase.dll
0x00007ffb0b790000 - 0x00007ffb0b7a7000 	c:\Users\ninad\.vscode\extensions\redhat.java-1.23.0-win32-x64\jre\17.0.8.1-win32-x86_64\bin\jli.dll
0x00007ffb17530000 - 0x00007ffb176ce000 	C:\WINDOWS\System32\USER32.dll
0x00007ffb0c990000 - 0x00007ffb0c9a9000 	c:\Users\ninad\.vscode\extensions\redhat.java-1.23.0-win32-x64\jre\17.0.8.1-win32-x86_64\bin\VCRUNTIME140.dll
0x00007ffb17500000 - 0x00007ffb17522000 	C:\WINDOWS\System32\win32u.dll
0x00007ffb19210000 - 0x00007ffb1923c000 	C:\WINDOWS\System32\GDI32.dll
0x00007ffb16d60000 - 0x00007ffb16e7a000 	C:\WINDOWS\System32\gdi32full.dll
0x00007ffaffe00000 - 0x00007ffb0009a000 	C:\WINDOWS\WinSxS\amd64_microsoft.windows.common-controls_6595b64144ccf1df_6.0.19041.3570_none_60bb2a3971f3e41a\COMCTL32.dll
0x00007ffb16be0000 - 0x00007ffb16c7d000 	C:\WINDOWS\System32\msvcp_win.dll
0x00007ffb17ce0000 - 0x00007ffb17d7e000 	C:\WINDOWS\System32\msvcrt.dll
0x00007ffb182b0000 - 0x00007ffb182e0000 	C:\WINDOWS\System32\IMM32.DLL
0x00007ffb13eb0000 - 0x00007ffb13ebc000 	c:\Users\ninad\.vscode\extensions\redhat.java-1.23.0-win32-x64\jre\17.0.8.1-win32-x86_64\bin\vcruntime140_1.dll
0x00007ffad4740000 - 0x00007ffad47d1000 	c:\Users\ninad\.vscode\extensions\redhat.java-1.23.0-win32-x64\jre\17.0.8.1-win32-x86_64\bin\msvcp140.dll
0x00007ffa85f90000 - 0x00007ffa86bdc000 	c:\Users\ninad\.vscode\extensions\redhat.java-1.23.0-win32-x64\jre\17.0.8.1-win32-x86_64\bin\server\jvm.dll
0x00007ffb19160000 - 0x00007ffb1920e000 	C:\WINDOWS\System32\ADVAPI32.dll
0x00007ffb190c0000 - 0x00007ffb1915c000 	C:\WINDOWS\System32\sechost.dll
0x00007ffb182e0000 - 0x00007ffb18406000 	C:\WINDOWS\System32\RPCRT4.dll
0x00007ffb16a10000 - 0x00007ffb16a5b000 	C:\WINDOWS\SYSTEM32\POWRPROF.dll
0x00007ffafd460000 - 0x00007ffafd487000 	C:\WINDOWS\SYSTEM32\WINMM.dll
0x00007ffafabb0000 - 0x00007ffafabb9000 	C:\WINDOWS\SYSTEM32\WSOCK32.dll
0x00007ffb0ba60000 - 0x00007ffb0ba6a000 	C:\WINDOWS\SYSTEM32\VERSION.dll
0x00007ffb18410000 - 0x00007ffb1847b000 	C:\WINDOWS\System32\WS2_32.dll
0x00007ffb16940000 - 0x00007ffb16952000 	C:\WINDOWS\SYSTEM32\UMPDC.dll
0x00007ffb153a0000 - 0x00007ffb153b2000 	C:\WINDOWS\SYSTEM32\kernel.appcore.dll
0x00007ffb03cf0000 - 0x00007ffb03cfa000 	c:\Users\ninad\.vscode\extensions\redhat.java-1.23.0-win32-x64\jre\17.0.8.1-win32-x86_64\bin\jimage.dll
0x00007ffb14890000 - 0x00007ffb14a74000 	C:\WINDOWS\SYSTEM32\DBGHELP.DLL
0x00007ffb0dfe0000 - 0x00007ffb0e014000 	C:\WINDOWS\SYSTEM32\dbgcore.DLL
0x00007ffb16cd0000 - 0x00007ffb16d52000 	C:\WINDOWS\System32\bcryptPrimitives.dll
0x00007ffb03b80000 - 0x00007ffb03b8e000 	c:\Users\ninad\.vscode\extensions\redhat.java-1.23.0-win32-x64\jre\17.0.8.1-win32-x86_64\bin\instrument.dll
0x00007ffb03b50000 - 0x00007ffb03b75000 	c:\Users\ninad\.vscode\extensions\redhat.java-1.23.0-win32-x64\jre\17.0.8.1-win32-x86_64\bin\java.dll
0x00007ffb03b30000 - 0x00007ffb03b48000 	c:\Users\ninad\.vscode\extensions\redhat.java-1.23.0-win32-x64\jre\17.0.8.1-win32-x86_64\bin\zip.dll
0x00007ffb187a0000 - 0x00007ffb18ee4000 	C:\WINDOWS\System32\SHELL32.dll
0x00007ffb14bf0000 - 0x00007ffb1538b000 	C:\WINDOWS\SYSTEM32\windows.storage.dll
0x00007ffb17980000 - 0x00007ffb17cd4000 	C:\WINDOWS\System32\combase.dll
0x00007ffb16580000 - 0x00007ffb165ad000 	C:\WINDOWS\SYSTEM32\Wldp.dll
0x00007ffb178d0000 - 0x00007ffb1797d000 	C:\WINDOWS\System32\SHCORE.dll
0x00007ffb18740000 - 0x00007ffb18795000 	C:\WINDOWS\System32\shlwapi.dll
0x00007ffb16ae0000 - 0x00007ffb16b05000 	C:\WINDOWS\SYSTEM32\profapi.dll
0x00007ffb03b10000 - 0x00007ffb03b29000 	C:\Users\ninad\.vscode\extensions\redhat.java-1.23.0-win32-x64\jre\17.0.8.1-win32-x86_64\bin\net.dll
0x00007ffb0a670000 - 0x00007ffb0a77a000 	C:\WINDOWS\SYSTEM32\WINHTTP.dll
0x00007ffb16280000 - 0x00007ffb162ea000 	C:\WINDOWS\system32\mswsock.dll
0x00007ffb02640000 - 0x00007ffb02655000 	C:\Users\ninad\.vscode\extensions\redhat.java-1.23.0-win32-x64\jre\17.0.8.1-win32-x86_64\bin\nio.dll
0x00007ffb00870000 - 0x00007ffb00880000 	c:\Users\ninad\.vscode\extensions\redhat.java-1.23.0-win32-x64\jre\17.0.8.1-win32-x86_64\bin\verify.dll

dbghelp: loaded successfully - version: 4.0.5 - missing functions: none
symbol engine: initialized successfully - sym options: 0x614 - pdb path: .;c:\Users\ninad\.vscode\extensions\redhat.java-1.23.0-win32-x64\jre\17.0.8.1-win32-x86_64\bin;C:\WINDOWS\SYSTEM32;C:\WINDOWS\WinSxS\amd64_microsoft.windows.common-controls_6595b64144ccf1df_6.0.19041.3570_none_60bb2a3971f3e41a;c:\Users\ninad\.vscode\extensions\redhat.java-1.23.0-win32-x64\jre\17.0.8.1-win32-x86_64\bin\server

VM Arguments:
jvm_args: --add-modules=ALL-SYSTEM --add-opens=java.base/java.util=ALL-UNNAMED --add-opens=java.base/java.lang=ALL-UNNAMED --add-opens=java.base/sun.nio.fs=ALL-UNNAMED -Declipse.application=org.eclipse.jdt.ls.core.id1 -Dosgi.bundles.defaultStartLevel=4 -Declipse.product=org.eclipse.jdt.ls.core.product -Djava.import.generatesMetadataFilesAtProjectRoot=false -DDetectVMInstallationsJob.disabled=true -Dfile.encoding=utf8 -XX:+UseParallelGC -XX:GCTimeRatio=4 -XX:AdaptiveSizePolicyWeight=90 -Dsun.zip.disableMemoryMapping=true -Xmx1G -Xms100m -Xlog:disable -javaagent:c:\Users\ninad\.vscode\extensions\redhat.java-1.23.0-win32-x64\lombok\lombok-1.18.30.jar -XX:+HeapDumpOnOutOfMemoryError -XX:HeapDumpPath=c:\Users\ninad\AppData\Roaming\Code\User\workspaceStorage\e245031189f1ad182f41c15a863b8b2f\redhat.java -Daether.dependencyCollector.impl=bf 
java_command: c:\Users\ninad\.vscode\extensions\redhat.java-1.23.0-win32-x64\server\plugins\org.eclipse.equinox.launcher_1.6.500.v20230717-2134.jar -configuration c:\Users\ninad\AppData\Roaming\Code\User\globalStorage\redhat.java\1.23.0\config_win -data c:\Users\ninad\AppData\Roaming\Code\User\workspaceStorage\e245031189f1ad182f41c15a863b8b2f\redhat.java\jdt_ws
java_class_path (initial): c:\Users\ninad\.vscode\extensions\redhat.java-1.23.0-win32-x64\server\plugins\org.eclipse.equinox.launcher_1.6.500.v20230717-2134.jar
Launcher Type: SUN_STANDARD

[Global flags]
    uintx AdaptiveSizePolicyWeight                 = 90                                        {product} {command line}
     intx CICompilerCount                          = 4                                         {product} {ergonomic}
    uintx GCTimeRatio                              = 4                                         {product} {command line}
     bool HeapDumpOnOutOfMemoryError               = true                                   {manageable} {command line}
    ccstr HeapDumpPath                             = c:\Users\ninad\AppData\Roaming\Code\User\workspaceStorage\e245031189f1ad182f41c15a863b8b2f\redhat.java         {manageable} {command line}
   size_t InitialHeapSize                          = 104857600                                 {product} {command line}
   size_t MaxHeapSize                              = 1073741824                                {product} {command line}
   size_t MaxNewSize                               = 357564416                                 {product} {ergonomic}
   size_t MinHeapDeltaBytes                        = 524288                                    {product} {ergonomic}
   size_t MinHeapSize                              = 104857600                                 {product} {command line}
   size_t NewSize                                  = 34603008                                  {product} {ergonomic}
    uintx NonNMethodCodeHeapSize                   = 5839372                                {pd product} {ergonomic}
    uintx NonProfiledCodeHeapSize                  = 122909434                              {pd product} {ergonomic}
   size_t OldSize                                  = 70254592                                  {product} {ergonomic}
    uintx ProfiledCodeHeapSize                     = 122909434                              {pd product} {ergonomic}
    uintx ReservedCodeCacheSize                    = 251658240                              {pd product} {ergonomic}
     bool SegmentedCodeCache                       = true                                      {product} {ergonomic}
   size_t SoftMaxHeapSize                          = 1073741824                             {manageable} {ergonomic}
     bool UseCompressedClassPointers               = true                           {product lp64_product} {ergonomic}
     bool UseCompressedOops                        = true                           {product lp64_product} {ergonomic}
     bool UseLargePagesIndividualAllocation        = false                                  {pd product} {ergonomic}
     bool UseParallelGC                            = true                                      {product} {command line}

Logging:
Log output configuration:
 #0: stdout all=off uptime,level,tags
 #1: stderr all=off uptime,level,tags

Environment Variables:
JAVA_HOME=C:\Program Files\Java\jdk-20
PATH=C:\Program Files (x86)\Common Files\Oracle\Java\javapath;C:\Python311\Scripts\;C:\Python311\;C:\Program Files\NVIDIA GPU Computing Toolkit\CUDA\v11.0\bin;C:\Program Files\NVIDIA GPU Computing Toolkit\CUDA\v11.0\libnvvp;C:\Program Files (x86)\Intel\iCLS Client\;C:\Program Files\Intel\iCLS Client\;C:\WINDOWS\system32;C:\WINDOWS;C:\WINDOWS\System32\Wbem;C:\WINDOWS\System32\WindowsPowerShell\v1.0\;C:\Program Files (x86)\Intel\Intel(R) Management Engine Components\DAL;C:\Program Files\Intel\Intel(R) Management Engine Components\DAL;C:\Program Files (x86)\Intel\Intel(R) Management Engine Components\IPT;C:\Program Files\Intel\Intel(R) Management Engine Components\IPT;C:\WINDOWS\System32\OpenSSH\;C:\Program Files\dotnet\;C:\Program Files\Microsoft SQL Server\130\Tools\Binn\;C:\Program Files\Microsoft SQL Server\Client SDK\ODBC\170\Tools\Binn\;C:\Users\ninad\Desktop\ZED SDK\dependencies\freeglut_2.8\x64;C:\Users\ninad\Desktop\ZED SDK\dependencies\glew-1.12.0\x64;C:\Users\ninad\Desktop\ZED SDK\dependencies\opencv_3.1.0\x64;C:\Users\ninad\Desktop\Program Files (x86)\ZED SDK\bin;C:\Program Files\NVIDIA Corporation\Nsight Compute 2020.1.1\;C:\Program Files (x86)\NVIDIA Corporation\PhysX\Common;C:\Program Files\Git\cmd;C:\Program Files\MATLAB\R2021a\bin;C:\Program Files\PuTTY\;C:\Program Files\nodejs\;C:\ProgramData\chocolatey\bin;;C:\Program Files\Docker\Docker\resources\bin;C:\Users\ninad\miniconda3;C:\Users\ninad\miniconda3\Library\mingw-w64\bin;C:\Users\ninad\miniconda3\Library\usr\bin;C:\Users\ninad\miniconda3\Library\bin;C:\Users\ninad\miniconda3\Scripts;C:\Users\ninad\AppData\Local\Microsoft\WindowsApps;C:\Users\ninad\.dotnet\tools;C:\Users\ninad\Desktop\ZED SDK\bin;C:\Program Files (x86)\Microsoft Visual Studio\Shared\Python37_64;C:\Program Files\JetBrains\PyCharm 2021.1.3\bin;;C:\Users\ninad\AppData\Local\Programs\MiKTeX\miktex\bin\x64\;C:\Users\ninad\AppData\Local\Programs\Microsoft VS Code\bin;C:\Users\ninad\AppData\Roaming\npm
USERNAME=ninad
OS=Windows_NT
PROCESSOR_IDENTIFIER=Intel64 Family 6 Model 142 Stepping 10, GenuineIntel
TMP=C:\Users\ninad\AppData\Local\Temp
TEMP=C:\Users\ninad\AppData\Local\Temp



---------------  S Y S T E M  ---------------

OS:
 Windows 10 , 64 bit Build 19041 (10.0.19041.3570)
OS uptime: 6 days 21:21 hours
Hyper-V role detected

CPU: total 8 (initial active 8) (4 cores per cpu, 2 threads per core) family 6 model 142 stepping 10 microcode 0xd6, cx8, cmov, fxsr, ht, mmx, 3dnowpref, sse, sse2, sse3, ssse3, sse4.1, sse4.2, popcnt, lzcnt, tsc, tscinvbit, avx, avx2, aes, erms, clmul, bmi1, bmi2, adx, fma, vzeroupper, clflush, clflushopt, hv
Processor Information for all 8 processors :
  Max Mhz: 1800, Current Mhz: 1600, Mhz Limit: 1584

Memory: 4k page, system-wide physical 8066M (329M free)
TotalPageFile size 13962M (AvailPageFile size 184M)
current process WorkingSet (physical memory assigned to process): 43M, peak: 43M
current process commit charge ("private bytes"): 188M, peak: 188M

vm_info: OpenJDK 64-Bit Server VM (17.0.8.1+1) for windows-amd64 JRE (17.0.8.1+1), built on Aug 23 2023 15:29:17 by "admin" with MS VC++ 16.7 (VS2019)

END.
