#
# There is insufficient memory for the Java Runtime Environment to continue.
# Native memory allocation (malloc) failed to allocate 1048576 bytes for AllocateHeap
# Possible reasons:
#   The system is out of physical RAM or swap space
#   The process is running with CompressedOops enabled, and the Java Heap may be blocking the growth of the native heap
# Possible solutions:
#   Reduce memory load on the system
#   Increase physical memory or swap space
#   Check if swap backing store is full
#   Decrease Java heap size (-Xmx/-Xms)
#   Decrease number of Java threads
#   Decrease Java thread stack sizes (-Xss)
#   Set larger code cache with -XX:ReservedCodeCacheSize=
#   JVM is running with Unscaled Compressed Oops mode in which the Java heap is
#     placed in the first 4GB address space. The Java Heap base address is the
#     maximum limit for the native heap growth. Please use -XX:HeapBaseMinAddress
#     to set the Java Heap base and to place the Java Heap above 4GB virtual address.
# This output file may be truncated or incomplete.
#
#  Out of Memory Error (allocation.cpp:44), pid=6668, tid=8832
#
# JRE version:  (17.0.8.1+1) (build )
# Java VM: OpenJDK 64-Bit Server VM (17.0.8.1+1, mixed mode, tiered, compressed oops, compressed class ptrs, parallel gc, windows-amd64)
# No core dump will be written. Minidumps are not enabled by default on client versions of Windows
#

---------------  S U M M A R Y ------------

Command Line: --add-modules=ALL-SYSTEM --add-opens=java.base/java.util=ALL-UNNAMED --add-opens=java.base/java.lang=ALL-UNNAMED --add-opens=java.base/sun.nio.fs=ALL-UNNAMED -Declipse.application=org.eclipse.jdt.ls.core.id1 -Dosgi.bundles.defaultStartLevel=4 -Declipse.product=org.eclipse.jdt.ls.core.product -Djava.import.generatesMetadataFilesAtProjectRoot=false -DDetectVMInstallationsJob.disabled=true -Dfile.encoding=utf8 -XX:+UseParallelGC -XX:GCTimeRatio=4 -XX:AdaptiveSizePolicyWeight=90 -Dsun.zip.disableMemoryMapping=true -Xmx1G -Xms100m -Xlog:disable -javaagent:c:\Users\ninad\.vscode\extensions\redhat.java-1.23.0-win32-x64\lombok\lombok-1.18.30.jar -XX:+HeapDumpOnOutOfMemoryError -XX:HeapDumpPath=c:\Users\ninad\AppData\Roaming\Code\User\workspaceStorage\e245031189f1ad182f41c15a863b8b2f\redhat.java -Daether.dependencyCollector.impl=bf c:\Users\ninad\.vscode\extensions\redhat.java-1.23.0-win32-x64\server\plugins\org.eclipse.equinox.launcher_1.6.500.v20230717-2134.jar -configuration c:\Users\ninad\AppData\Roaming\Code\User\globalStorage\redhat.java\1.23.0\config_win -data c:\Users\ninad\AppData\Roaming\Code\User\workspaceStorage\e245031189f1ad182f41c15a863b8b2f\redhat.java\jdt_ws

Host: Intel(R) Core(TM) i5-8250U CPU @ 1.60GHz, 8 cores, 7G,  Windows 10 , 64 bit Build 19041 (10.0.19041.3570)
Time: Fri Oct 20 12:14:09 2023 ora legale Europa occidentale elapsed time: 0.078986 seconds (0d 0h 0m 0s)

---------------  T H R E A D  ---------------

Current thread (0x00000201ae9ad920):  JavaThread "Unknown thread" [_thread_in_vm, id=8832, stack(0x000000cc34700000,0x000000cc34800000)]

Stack: [0x000000cc34700000,0x000000cc34800000]
Native frames: (J=compiled Java code, j=interpreted, Vv=VM code, C=native code)
V  [jvm.dll+0x678b0a]
V  [jvm.dll+0x835e84]
V  [jvm.dll+0x83762e]
V  [jvm.dll+0x837c93]
V  [jvm.dll+0x24746f]
V  [jvm.dll+0xa697b]
V  [jvm.dll+0x6b6463]
V  [jvm.dll+0x6b6fcf]
V  [jvm.dll+0x685238]
V  [jvm.dll+0x80864b]
V  [jvm.dll+0x36bba4]
V  [jvm.dll+0x7e733c]
V  [jvm.dll+0x3ee4af]
V  [jvm.dll+0x3f00c1]
C  [jli.dll+0x528b]
C  [ucrtbase.dll+0x21bb2]
C  [KERNEL32.DLL+0x17344]
C  [ntdll.dll+0x526b1]


---------------  P R O C E S S  ---------------

Threads class SMR info:
_java_thread_list=0x00007ffa86aaa018, length=0, elements={
}

Java Threads: ( => current thread )

Other Threads:
  0x00000201ae9c35a0 GCTaskThread "GC Thread#0" [stack: 0x000000cc34800000,0x000000cc34900000] [id=26040]

=>0x00000201ae9ad920 (exited) JavaThread "Unknown thread" [_thread_in_vm, id=8832, stack(0x000000cc34700000,0x000000cc34800000)]

Threads with active compile tasks:

VM state: not at safepoint (normal execution)

VM Mutex/Monitor currently owned by a thread: None

Heap address: 0x00000000c0000000, size: 1024 MB, Compressed Oops mode: 32-bit

CDS archive(s) not mapped
Compressed class space mapped at: 0x0000000100000000-0x0000000140000000, reserved size: 1073741824
Narrow klass base: 0x0000000000000000, Narrow klass shift: 3, Narrow klass range: 0x140000000

GC Precious Log:
 CPUs: 8 total, 8 available
 Memory: 8066M
 Large Page Support: Disabled
 NUMA Support: Disabled
 Compressed Oops: Enabled (32-bit)
 Alignments: Space 512K, Generation 512K, Heap 2M
 Heap Min Capacity: 100M
 Heap Initial Capacity: 100M
 Heap Max Capacity: 1G
 Pre-touch: Disabled
 Parallel Workers: 8

Heap:
 PSYoungGen      total 29696K, used 512K [0x00000000eab00000, 0x00000000ecc00000, 0x0000000100000000)
  eden space 25600K, 2% used [0x00000000eab00000,0x00000000eab80070,0x00000000ec400000)
  from space 4096K, 0% used [0x00000000ec800000,0x00000000ec800000,0x00000000ecc00000)
  to   space 4096K, 0% used [0x00000000ec400000,0x00000000ec400000,0x00000000ec800000)
 ParOldGen       total 68608K, used 0K [0x00000000c0000000, 0x00000000c4300000, 0x00000000eab00000)
  object space 68608K, 0% used [0x00000000c0000000,0x00000000c0000000,0x00000000c4300000)
 Metaspace       used 1149K, committed 1216K, reserved 1114112K
  class space    used 101K, committed 128K, reserved 1048576K

Card table byte_map: [0x00000201ae370000,0x00000201ae580000] _byte_map_base: 0x00000201add70000

Marking Bits: (ParMarkBitMap*) 0x00007ffa86b183a0
 Begin Bits: [0x00000201c0630000, 0x00000201c1630000)
 End Bits:   [0x00000201c1630000, 0x00000201c2630000)

Polling page: 0x00000201ac7b0000

Metaspace:

Usage:
  Non-class:      1.02 MB used.
      Class:    101.05 KB used.
       Both:      1.12 MB used.

Virtual space:
  Non-class space:       64.00 MB reserved,       1.06 MB (  2%) committed,  1 nodes.
      Class space:        1.00 GB reserved,     128.00 KB ( <1%) committed,  1 nodes.
             Both:        1.06 GB reserved,       1.19 MB ( <1%) committed. 

Chunk freelists:
   Non-Class:  12.00 MB
       Class:  15.75 MB
        Both:  27.75 MB

MaxMetaspaceSize: unlimited
CompressedClassSpaceSize: 1.00 GB
Initial GC threshold: 21.00 MB
Current GC threshold: 17179869184.00 GB
CDS: off
MetaspaceReclaimPolicy: balanced
 - commit_granule_bytes: 65536.
 - commit_granule_words: 8192.
 - virtual_space_node_default_size: 8388608.
 - enlarge_chunks_in_place: 1.
 - new_chunks_are_fully_committed: 0.
 - uncommit_free_chunks: 1.
 - use_allocation_guard: 0.
 - handle_deallocations: 1.


Internal statistics:

num_allocs_failed_limit: 0.
num_arena_births: 2.
num_arena_deaths: 0.
num_vsnodes_births: 2.
num_vsnodes_deaths: 0.
num_space_committed: 19.
num_space_uncommitted: 0.
num_chunks_returned_to_freelist: 0.
num_chunks_taken_from_freelist: 3.
num_chunk_merges: 0.
num_chunk_splits: 2.
num_chunks_enlarged: 0.
num_inconsistent_stats: 0.

CodeHeap 'non-profiled nmethods': size=120000Kb used=0Kb max_used=0Kb free=120000Kb
 bounds [0x00000201b9100000, 0x00000201b9370000, 0x00000201c0630000]
CodeHeap 'profiled nmethods': size=120000Kb used=0Kb max_used=0Kb free=120000Kb
 bounds [0x00000201b1630000, 0x00000201b18a0000, 0x00000201b8b60000]
CodeHeap 'non-nmethods': size=5760Kb used=202Kb max_used=353Kb free=5557Kb
 bounds [0x00000201b8b60000, 0x00000201b8dd0000, 0x00000201b9100000]
 total_blobs=66 nmethods=0 adapters=47
 compilation: enabled
              stopped_count=0, restarted_count=0
 full_count=0

Compilation events (0 events):
No events

GC Heap History (0 events):
No events

Dll operation events (1 events):
Event: 0.019 Loaded shared library c:\Users\ninad\.vscode\extensions\redhat.java-1.23.0-win32-x64\jre\17.0.8.1-win32-x86_64\bin\java.dll

Deoptimization events (0 events):
No events

Classes unloaded (0 events):
No events

Classes redefined (0 events):
No events

Internal exceptions (0 events):
No events

VM Operations (0 events):
No events

Events (20 events):
Event: 0.065 loading class java/lang/Long
Event: 0.065 loading class java/lang/Long done
Event: 0.065 loading class java/util/Iterator
Event: 0.065 loading class java/util/Iterator done
Event: 0.065 loading class java/lang/reflect/RecordComponent
Event: 0.065 loading class java/lang/reflect/RecordComponent done
Event: 0.065 loading class jdk/internal/vm/vector/VectorSupport
Event: 0.065 loading class jdk/internal/vm/vector/VectorSupport done
Event: 0.066 loading class jdk/internal/vm/vector/VectorSupport$VectorPayload
Event: 0.066 loading class jdk/internal/vm/vector/VectorSupport$VectorPayload done
Event: 0.066 loading class jdk/internal/vm/vector/VectorSupport$Vector
Event: 0.066 loading class jdk/internal/vm/vector/VectorSupport$Vector done
Event: 0.066 loading class jdk/internal/vm/vector/VectorSupport$VectorMask
Event: 0.066 loading class jdk/internal/vm/vector/VectorSupport$VectorMask done
Event: 0.066 loading class jdk/internal/vm/vector/VectorSupport$VectorShuffle
Event: 0.066 loading class jdk/internal/vm/vector/VectorSupport$VectorShuffle done
Event: 0.071 loading class java/lang/NullPointerException
Event: 0.071 loading class java/lang/NullPointerException done
Event: 0.071 loading class java/lang/ArithmeticException
Event: 0.071 loading class java/lang/ArithmeticException done


Dynamic libraries:
0x00007ff62ac50000 - 0x00007ff62ac5e000 	c:\Users\ninad\.vscode\extensions\redhat.java-1.23.0-win32-x64\jre\17.0.8.1-win32-x86_64\bin\java.exe
0x00007ffb194d0000 - 0x00007ffb196c7000 	C:\WINDOWS\SYSTEM32\ntdll.dll
0x00007ffb18620000 - 0x00007ffb186dd000 	C:\WINDOWS\System32\KERNEL32.DLL
0x00007ffb16f80000 - 0x00007ffb17276000 	C:\WINDOWS\System32\KERNELBASE.dll
0x00007ffb16e80000 - 0x00007ffb16f80000 	C:\WINDOWS\System32\ucrtbase.dll
0x00007ffb0b790000 - 0x00007ffb0b7a7000 	c:\Users\ninad\.vscode\extensions\redhat.java-1.23.0-win32-x64\jre\17.0.8.1-win32-x86_64\bin\jli.dll
0x00007ffb0c990000 - 0x00007ffb0c9a9000 	c:\Users\ninad\.vscode\extensions\redhat.java-1.23.0-win32-x64\jre\17.0.8.1-win32-x86_64\bin\VCRUNTIME140.dll
0x00007ffb17530000 - 0x00007ffb176ce000 	C:\WINDOWS\System32\USER32.dll
0x00007ffb17500000 - 0x00007ffb17522000 	C:\WINDOWS\System32\win32u.dll
0x00007ffaffe00000 - 0x00007ffb0009a000 	C:\WINDOWS\WinSxS\amd64_microsoft.windows.common-controls_6595b64144ccf1df_6.0.19041.3570_none_60bb2a3971f3e41a\COMCTL32.dll
0x00007ffb19210000 - 0x00007ffb1923c000 	C:\WINDOWS\System32\GDI32.dll
0x00007ffb17ce0000 - 0x00007ffb17d7e000 	C:\WINDOWS\System32\msvcrt.dll
0x00007ffb16d60000 - 0x00007ffb16e7a000 	C:\WINDOWS\System32\gdi32full.dll
0x00007ffb16be0000 - 0x00007ffb16c7d000 	C:\WINDOWS\System32\msvcp_win.dll
0x00007ffb182b0000 - 0x00007ffb182e0000 	C:\WINDOWS\System32\IMM32.DLL
0x00007ffb13eb0000 - 0x00007ffb13ebc000 	c:\Users\ninad\.vscode\extensions\redhat.java-1.23.0-win32-x64\jre\17.0.8.1-win32-x86_64\bin\vcruntime140_1.dll
0x00007ffad4740000 - 0x00007ffad47d1000 	c:\Users\ninad\.vscode\extensions\redhat.java-1.23.0-win32-x64\jre\17.0.8.1-win32-x86_64\bin\msvcp140.dll
0x00007ffa85f90000 - 0x00007ffa86bdc000 	c:\Users\ninad\.vscode\extensions\redhat.java-1.23.0-win32-x64\jre\17.0.8.1-win32-x86_64\bin\server\jvm.dll
0x00007ffb19160000 - 0x00007ffb1920e000 	C:\WINDOWS\System32\ADVAPI32.dll
0x00007ffb190c0000 - 0x00007ffb1915c000 	C:\WINDOWS\System32\sechost.dll
0x00007ffb182e0000 - 0x00007ffb18406000 	C:\WINDOWS\System32\RPCRT4.dll
0x00007ffb16a10000 - 0x00007ffb16a5b000 	C:\WINDOWS\SYSTEM32\POWRPROF.dll
0x00007ffafabb0000 - 0x00007ffafabb9000 	C:\WINDOWS\SYSTEM32\WSOCK32.dll
0x00007ffb18410000 - 0x00007ffb1847b000 	C:\WINDOWS\System32\WS2_32.dll
0x00007ffafd460000 - 0x00007ffafd487000 	C:\WINDOWS\SYSTEM32\WINMM.dll
0x00007ffb0ba60000 - 0x00007ffb0ba6a000 	C:\WINDOWS\SYSTEM32\VERSION.dll
0x00007ffb16940000 - 0x00007ffb16952000 	C:\WINDOWS\SYSTEM32\UMPDC.dll
0x00007ffb153a0000 - 0x00007ffb153b2000 	C:\WINDOWS\SYSTEM32\kernel.appcore.dll
0x00007ffb03cf0000 - 0x00007ffb03cfa000 	c:\Users\ninad\.vscode\extensions\redhat.java-1.23.0-win32-x64\jre\17.0.8.1-win32-x86_64\bin\jimage.dll
0x00007ffb14890000 - 0x00007ffb14a74000 	C:\WINDOWS\SYSTEM32\DBGHELP.DLL
0x00007ffb0dfe0000 - 0x00007ffb0e014000 	C:\WINDOWS\SYSTEM32\dbgcore.DLL
0x00007ffb16cd0000 - 0x00007ffb16d52000 	C:\WINDOWS\System32\bcryptPrimitives.dll
0x00007ffb03b80000 - 0x00007ffb03b8e000 	c:\Users\ninad\.vscode\extensions\redhat.java-1.23.0-win32-x64\jre\17.0.8.1-win32-x86_64\bin\instrument.dll
0x00007ffb03b50000 - 0x00007ffb03b75000 	c:\Users\ninad\.vscode\extensions\redhat.java-1.23.0-win32-x64\jre\17.0.8.1-win32-x86_64\bin\java.dll
0x00007ffb03b30000 - 0x00007ffb03b48000 	c:\Users\ninad\.vscode\extensions\redhat.java-1.23.0-win32-x64\jre\17.0.8.1-win32-x86_64\bin\zip.dll

dbghelp: loaded successfully - version: 4.0.5 - missing functions: none
symbol engine: initialized successfully - sym options: 0x614 - pdb path: .;c:\Users\ninad\.vscode\extensions\redhat.java-1.23.0-win32-x64\jre\17.0.8.1-win32-x86_64\bin;C:\WINDOWS\SYSTEM32;C:\WINDOWS\WinSxS\amd64_microsoft.windows.common-controls_6595b64144ccf1df_6.0.19041.3570_none_60bb2a3971f3e41a;c:\Users\ninad\.vscode\extensions\redhat.java-1.23.0-win32-x64\jre\17.0.8.1-win32-x86_64\bin\server

VM Arguments:
jvm_args: --add-modules=ALL-SYSTEM --add-opens=java.base/java.util=ALL-UNNAMED --add-opens=java.base/java.lang=ALL-UNNAMED --add-opens=java.base/sun.nio.fs=ALL-UNNAMED -Declipse.application=org.eclipse.jdt.ls.core.id1 -Dosgi.bundles.defaultStartLevel=4 -Declipse.product=org.eclipse.jdt.ls.core.product -Djava.import.generatesMetadataFilesAtProjectRoot=false -DDetectVMInstallationsJob.disabled=true -Dfile.encoding=utf8 -XX:+UseParallelGC -XX:GCTimeRatio=4 -XX:AdaptiveSizePolicyWeight=90 -Dsun.zip.disableMemoryMapping=true -Xmx1G -Xms100m -Xlog:disable -javaagent:c:\Users\ninad\.vscode\extensions\redhat.java-1.23.0-win32-x64\lombok\lombok-1.18.30.jar -XX:+HeapDumpOnOutOfMemoryError -XX:HeapDumpPath=c:\Users\ninad\AppData\Roaming\Code\User\workspaceStorage\e245031189f1ad182f41c15a863b8b2f\redhat.java -Daether.dependencyCollector.impl=bf 
java_command: c:\Users\ninad\.vscode\extensions\redhat.java-1.23.0-win32-x64\server\plugins\org.eclipse.equinox.launcher_1.6.500.v20230717-2134.jar -configuration c:\Users\ninad\AppData\Roaming\Code\User\globalStorage\redhat.java\1.23.0\config_win -data c:\Users\ninad\AppData\Roaming\Code\User\workspaceStorage\e245031189f1ad182f41c15a863b8b2f\redhat.java\jdt_ws
java_class_path (initial): c:\Users\ninad\.vscode\extensions\redhat.java-1.23.0-win32-x64\server\plugins\org.eclipse.equinox.launcher_1.6.500.v20230717-2134.jar
Launcher Type: SUN_STANDARD

[Global flags]
    uintx AdaptiveSizePolicyWeight                 = 90                                        {product} {command line}
     intx CICompilerCount                          = 4                                         {product} {ergonomic}
    uintx GCTimeRatio                              = 4                                         {product} {command line}
     bool HeapDumpOnOutOfMemoryError               = true                                   {manageable} {command line}
    ccstr HeapDumpPath                             = c:\Users\ninad\AppData\Roaming\Code\User\workspaceStorage\e245031189f1ad182f41c15a863b8b2f\redhat.java         {manageable} {command line}
   size_t InitialHeapSize                          = 104857600                                 {product} {command line}
   size_t MaxHeapSize                              = 1073741824                                {product} {command line}
   size_t MaxNewSize                               = 357564416                                 {product} {ergonomic}
   size_t MinHeapDeltaBytes                        = 524288                                    {product} {ergonomic}
   size_t MinHeapSize                              = 104857600                                 {product} {command line}
   size_t NewSize                                  = 34603008                                  {product} {ergonomic}
    uintx NonNMethodCodeHeapSize                   = 5839372                                {pd product} {ergonomic}
    uintx NonProfiledCodeHeapSize                  = 122909434                              {pd product} {ergonomic}
   size_t OldSize                                  = 70254592                                  {product} {ergonomic}
    uintx ProfiledCodeHeapSize                     = 122909434                              {pd product} {ergonomic}
    uintx ReservedCodeCacheSize                    = 251658240                              {pd product} {ergonomic}
     bool SegmentedCodeCache                       = true                                      {product} {ergonomic}
   size_t SoftMaxHeapSize                          = 1073741824                             {manageable} {ergonomic}
     bool UseCompressedClassPointers               = true                           {product lp64_product} {ergonomic}
     bool UseCompressedOops                        = true                           {product lp64_product} {ergonomic}
     bool UseLargePagesIndividualAllocation        = false                                  {pd product} {ergonomic}
     bool UseParallelGC                            = true                                      {product} {command line}

Logging:
Log output configuration:
 #0: stdout all=off uptime,level,tags
 #1: stderr all=off uptime,level,tags

Environment Variables:
JAVA_HOME=C:\Program Files\Java\jdk-20
PATH=C:\Program Files (x86)\Common Files\Oracle\Java\javapath;C:\Python311\Scripts\;C:\Python311\;C:\Program Files\NVIDIA GPU Computing Toolkit\CUDA\v11.0\bin;C:\Program Files\NVIDIA GPU Computing Toolkit\CUDA\v11.0\libnvvp;C:\Program Files (x86)\Intel\iCLS Client\;C:\Program Files\Intel\iCLS Client\;C:\WINDOWS\system32;C:\WINDOWS;C:\WINDOWS\System32\Wbem;C:\WINDOWS\System32\WindowsPowerShell\v1.0\;C:\Program Files (x86)\Intel\Intel(R) Management Engine Components\DAL;C:\Program Files\Intel\Intel(R) Management Engine Components\DAL;C:\Program Files (x86)\Intel\Intel(R) Management Engine Components\IPT;C:\Program Files\Intel\Intel(R) Management Engine Components\IPT;C:\WINDOWS\System32\OpenSSH\;C:\Program Files\dotnet\;C:\Program Files\Microsoft SQL Server\130\Tools\Binn\;C:\Program Files\Microsoft SQL Server\Client SDK\ODBC\170\Tools\Binn\;C:\Users\ninad\Desktop\ZED SDK\dependencies\freeglut_2.8\x64;C:\Users\ninad\Desktop\ZED SDK\dependencies\glew-1.12.0\x64;C:\Users\ninad\Desktop\ZED SDK\dependencies\opencv_3.1.0\x64;C:\Users\ninad\Desktop\Program Files (x86)\ZED SDK\bin;C:\Program Files\NVIDIA Corporation\Nsight Compute 2020.1.1\;C:\Program Files (x86)\NVIDIA Corporation\PhysX\Common;C:\Program Files\Git\cmd;C:\Program Files\MATLAB\R2021a\bin;C:\Program Files\PuTTY\;C:\Program Files\nodejs\;C:\ProgramData\chocolatey\bin;;C:\Program Files\Docker\Docker\resources\bin;C:\Users\ninad\miniconda3;C:\Users\ninad\miniconda3\Library\mingw-w64\bin;C:\Users\ninad\miniconda3\Library\usr\bin;C:\Users\ninad\miniconda3\Library\bin;C:\Users\ninad\miniconda3\Scripts;C:\Users\ninad\AppData\Local\Microsoft\WindowsApps;C:\Users\ninad\.dotnet\tools;C:\Users\ninad\Desktop\ZED SDK\bin;C:\Program Files (x86)\Microsoft Visual Studio\Shared\Python37_64;C:\Program Files\JetBrains\PyCharm 2021.1.3\bin;;C:\Users\ninad\AppData\Local\Programs\MiKTeX\miktex\bin\x64\;C:\Users\ninad\AppData\Local\Programs\Microsoft VS Code\bin;C:\Users\ninad\AppData\Roaming\npm
USERNAME=ninad
OS=Windows_NT
PROCESSOR_IDENTIFIER=Intel64 Family 6 Model 142 Stepping 10, GenuineIntel
TMP=C:\Users\ninad\AppData\Local\Temp
TEMP=C:\Users\ninad\AppData\Local\Temp



---------------  S Y S T E M  ---------------

OS:
 Windows 10 , 64 bit Build 19041 (10.0.19041.3570)
OS uptime: 6 days 21:21 hours
Hyper-V role detected

CPU: total 8 (initial active 8) (4 cores per cpu, 2 threads per core) family 6 model 142 stepping 10 microcode 0xd6, cx8, cmov, fxsr, ht, mmx, 3dnowpref, sse, sse2, sse3, ssse3, sse4.1, sse4.2, popcnt, lzcnt, tsc, tscinvbit, avx, avx2, aes, erms, clmul, bmi1, bmi2, adx, fma, vzeroupper, clflush, clflushopt, hv
Processor Information for all 8 processors :
  Max Mhz: 1800, Current Mhz: 1600, Mhz Limit: 1584

Memory: 4k page, system-wide physical 8066M (304M free)
TotalPageFile size 13962M (AvailPageFile size 2M)
current process WorkingSet (physical memory assigned to process): 16M, peak: 16M
current process commit charge ("private bytes"): 174M, peak: 175M

vm_info: OpenJDK 64-Bit Server VM (17.0.8.1+1) for windows-amd64 JRE (17.0.8.1+1), built on Aug 23 2023 15:29:17 by "admin" with MS VC++ 16.7 (VS2019)

END.
